code-server (1.75.1, prod-field.cs.domino.tech, server-distro)
Jupyter Extension Version: 2022.10.110.
Python Extension Version: 2023.4.1.
Workspace folder /mnt/code
info 20:04:04.661: ZMQ install verified.
info 20:04:05.002: LSP Notebooks experiment is disabled -- Pylance disabled or not installed
info 20:04:05.084: Preferred Remote kernel for /mnt/code/machine_learning/log_error_classifier_playground.ipynb is undefined
info 20:04:05.367: Preferred Remote kernel for /mnt/code/machine_learning/log_error_classifier_playground.ipynb is undefined
info 20:04:05.367: Preferred Remote kernel for /mnt/code/machine_learning/log_error_classifier_playground.ipynb is undefined
info 20:04:05.368: Find preferred kernel cancelled
info 20:04:05.370: Preferred Remote kernel for /mnt/code/machine_learning/log_error_classifier_playground.ipynb is undefined
info 20:04:05.370: Preferred Remote kernel for /mnt/code/machine_learning/log_error_classifier_playground.ipynb is undefined
info 20:04:05.371: Find preferred kernel cancelled
info 20:04:05.371: Preferred Remote kernel for /mnt/code/machine_learning/log_error_classifier_playground.ipynb is undefined
info 20:04:05.371: Preferred Remote kernel for /mnt/code/machine_learning/log_error_classifier_playground.ipynb is undefined
info 20:04:05.372: Find preferred kernel cancelled
info 20:04:05.372: Preferred Remote kernel for /mnt/code/machine_learning/log_error_classifier_playground.ipynb is undefined
info 20:04:05.373: Preferred Remote kernel for /mnt/code/machine_learning/log_error_classifier_playground.ipynb is undefined
info 20:04:05.373: Find preferred kernel cancelled
info 20:04:05.374: Preferred Remote kernel for /mnt/code/machine_learning/log_error_classifier_playground.ipynb is undefined
info 20:04:05.374: Preferred Remote kernel for /mnt/code/machine_learning/log_error_classifier_playground.ipynb is undefined
info 20:04:05.375: Find preferred kernel cancelled
info 20:04:05.375: Preferred Remote kernel for /mnt/code/machine_learning/log_error_classifier_playground.ipynb is undefined
info 20:04:05.375: Preferred Remote kernel for /mnt/code/machine_learning/log_error_classifier_playground.ipynb is undefined
info 20:04:05.376: Find preferred kernel cancelled
info 20:04:05.376: Preferred Remote kernel for /mnt/code/machine_learning/log_error_classifier_playground.ipynb is undefined
info 20:04:05.376: Preferred Remote kernel for /mnt/code/machine_learning/log_error_classifier_playground.ipynb is undefined
info 20:04:05.377: Find preferred kernel cancelled
info 20:04:05.377: Preferred Remote kernel for /mnt/code/machine_learning/log_error_classifier_playground.ipynb is undefined
info 20:04:05.377: Preferred Remote kernel for /mnt/code/machine_learning/log_error_classifier_playground.ipynb is undefined
info 20:04:05.378: Find preferred kernel cancelled
info 20:04:05.378: Preferred Remote kernel for /mnt/code/machine_learning/log_error_classifier_playground.ipynb is undefined
info 20:04:05.379: Preferred Remote kernel for /mnt/code/machine_learning/log_error_classifier_playground.ipynb is undefined
info 20:04:05.380: Find preferred kernel cancelled
info 20:04:05.380: Preferred Remote kernel for /mnt/code/machine_learning/log_error_classifier_playground.ipynb is undefined
info 20:04:05.380: Preferred Remote kernel for /mnt/code/machine_learning/log_error_classifier_playground.ipynb is undefined
info 20:04:05.381: Find preferred kernel cancelled
info 20:04:05.381: Preferred Remote kernel for /mnt/code/machine_learning/log_error_classifier_playground.ipynb is undefined
info 20:04:05.382: Preferred Remote kernel for /mnt/code/machine_learning/log_error_classifier_playground.ipynb is undefined
info 20:04:05.382: Find preferred kernel cancelled
info 20:04:05.383: Preferred Remote kernel for /mnt/code/machine_learning/log_error_classifier_playground.ipynb is undefined
info 20:04:05.383: Preferred Remote kernel for /mnt/code/machine_learning/log_error_classifier_playground.ipynb is undefined
info 20:04:05.383: Find preferred kernel cancelled
info 20:04:05.384: Preferred Remote kernel for /mnt/code/machine_learning/log_error_classifier_playground.ipynb is undefined
info 20:04:05.384: Preferred Remote kernel for /mnt/code/machine_learning/log_error_classifier_playground.ipynb is undefined
info 20:04:05.385: Find preferred kernel cancelled
info 20:04:05.385: Preferred Remote kernel for /mnt/code/machine_learning/log_error_classifier_playground.ipynb is undefined
info 20:04:05.385: Preferred Remote kernel for /mnt/code/machine_learning/log_error_classifier_playground.ipynb is undefined
info 20:04:05.386: Find preferred kernel cancelled
info 20:04:05.386: Preferred Remote kernel for /mnt/code/machine_learning/log_error_classifier_playground.ipynb is undefined
info 20:04:05.386: Preferred Remote kernel for /mnt/code/machine_learning/log_error_classifier_playground.ipynb is undefined
info 20:04:05.387: Find preferred kernel cancelled
info 20:04:05.387: Preferred Remote kernel for /mnt/code/machine_learning/log_error_classifier_playground.ipynb is undefined
info 20:04:05.387: Preferred Remote kernel for /mnt/code/machine_learning/log_error_classifier_playground.ipynb is undefined
info 20:04:05.388: Find preferred kernel cancelled
info 20:04:05.388: Preferred Remote kernel for /mnt/code/machine_learning/log_error_classifier_playground.ipynb is undefined
info 20:04:05.388: Preferred Remote kernel for /mnt/code/machine_learning/log_error_classifier_playground.ipynb is undefined
info 20:04:05.389: Find preferred kernel cancelled
info 20:04:05.389: Preferred Remote kernel for /mnt/code/machine_learning/log_error_classifier_playground.ipynb is undefined
info 20:04:05.389: Preferred Remote kernel for /mnt/code/machine_learning/log_error_classifier_playground.ipynb is undefined
info 20:04:05.390: Find preferred kernel cancelled
info 20:04:05.390: Preferred Remote kernel for /mnt/code/machine_learning/log_error_classifier_playground.ipynb is undefined
info 20:04:05.390: Preferred Remote kernel for /mnt/code/machine_learning/log_error_classifier_playground.ipynb is undefined
info 20:04:05.391: Find preferred kernel cancelled
info 20:04:05.391: Preferred Remote kernel for /mnt/code/machine_learning/log_error_classifier_playground.ipynb is undefined
info 20:04:05.391: Preferred Remote kernel for /mnt/code/machine_learning/log_error_classifier_playground.ipynb is undefined
info 20:04:05.392: Find preferred kernel cancelled
info 20:04:05.392: Preferred Remote kernel for /mnt/code/machine_learning/log_error_classifier_playground.ipynb is undefined
info 20:04:05.392: Find preferred kernel for /mnt/code/machine_learning/log_error_classifier_playground.ipynb with metadata {"dca-init":"true","kernelspec":{"display_name":"base","language":"python","name":"python3"},"language_info":{"codemirror_mode":{"name":"ipython","version":3},"file_extension":".py","mimetype":"text/x-python","name":"python","nbconvert_exporter":"python","pygments_lexer":"ipython3","version":"3.9.18 (main, Sep 11 2023, 13:41:44) \n[GCC 11.2.0]"},"vscode":{"interpreter":{"hash":"d4d1e4263499bec80672ea0156c357c1ee493ec2b1c70f0acce89fc37c4a6abe"}}} & preferred interpreter /opt/conda/bin/python
info 20:04:05.426: Preferred Remote kernel for /mnt/code/machine_learning/log_error_classifier_playground.ipynb is undefined
info 20:04:05.426: Find preferred kernel for /mnt/code/machine_learning/log_error_classifier_playground.ipynb with metadata {"dca-init":"true","kernelspec":{"display_name":"base","language":"python","name":"python3"},"language_info":{"codemirror_mode":{"name":"ipython","version":3},"file_extension":".py","mimetype":"text/x-python","name":"python","nbconvert_exporter":"python","pygments_lexer":"ipython3","version":"3.9.18 (main, Sep 11 2023, 13:41:44) \n[GCC 11.2.0]"},"vscode":{"interpreter":{"hash":"d4d1e4263499bec80672ea0156c357c1ee493ec2b1c70f0acce89fc37c4a6abe"}}} & preferred interpreter /opt/conda/bin/python
info 20:04:05.428: Preferred Remote kernel for /mnt/code/machine_learning/log_error_classifier_playground.ipynb is undefined
info 20:04:05.428: Find preferred kernel cancelled
info 20:04:05.435: Preferred Remote kernel for /mnt/code/machine_learning/log_error_classifier_playground.ipynb is undefined
info 20:04:05.436: Preferred kernel .jvsc74a57bd0d4d1e4263499bec80672ea0156c357c1ee493ec2b1c70f0acce89fc37c4a6abe./opt/conda/python./opt/conda/python.-m#ipykernel_launcher is exact match or top match for non python kernels, (false, [object Object], true, false)
info 20:04:05.436: PreferredConnection: .jvsc74a57bd0d4d1e4263499bec80672ea0156c357c1ee493ec2b1c70f0acce89fc37c4a6abe./opt/conda/python./opt/conda/python.-m#ipykernel_launcher found for NotebookDocument: /mnt/code/machine_learning/log_error_classifier_playground.ipynb
info 20:04:05.568: Got env vars ourselves faster /opt/conda/bin/python with env var count 256 in 175ms
info 20:04:05.582: Process Execution: > /opt/conda/bin/python -m pip list
> /opt/conda/bin/python -m pip list
info 20:04:08.520: Got env vars with python /opt/conda/bin/python, with env var count 257 and custom env var count 0 in 3127ms
