Experiment 'pythonPromptNewFormatterExt' is active
Experiment 'pythonPromptNewToolsExt' is active
Experiment 'pythonTestAdaptercf' is active
LSP Notebooks experiment is disabled -- not using Pylance
LSP Notebooks interactive window support is disabled -- not in LSP Notebooks experiment
> conda info --json
Python interpreter path: /opt/conda/bin/python
> /bin/python2 -I ~/.local/share/code-server/extensions/ms-python.python-2023.4.1/pythonFiles/get_output_via_markers.py ~/.local/share/code-server/extensions/ms-python.python-2023.4.1/pythonFiles/interpreterInfo.py
[ERROR 2023-9-27 20:4:5.489]: Support for Python 2.7 has been dropped by the Python extension so certain features may not work, upgrade to using Python 3.
> /bin/python2 ~/.local/share/code-server/extensions/ms-python.python-2023.4.1/pythonFiles/get_output_via_markers.py ~/.local/share/code-server/extensions/ms-python.python-2023.4.1/pythonFiles/interpreterInfo.py
> /bin/python3 -I ~/.local/share/code-server/extensions/ms-python.python-2023.4.1/pythonFiles/get_output_via_markers.py ~/.local/share/code-server/extensions/ms-python.python-2023.4.1/pythonFiles/interpreterInfo.py
> /usr/bin/python2 -I ~/.local/share/code-server/extensions/ms-python.python-2023.4.1/pythonFiles/get_output_via_markers.py ~/.local/share/code-server/extensions/ms-python.python-2023.4.1/pythonFiles/interpreterInfo.py
[ERROR 2023-9-27 20:4:5.600]: Support for Python 2.7 has been dropped by the Python extension so certain features may not work, upgrade to using Python 3.
> /usr/bin/python2 ~/.local/share/code-server/extensions/ms-python.python-2023.4.1/pythonFiles/get_output_via_markers.py ~/.local/share/code-server/extensions/ms-python.python-2023.4.1/pythonFiles/interpreterInfo.py
> /usr/bin/python3 -I ~/.local/share/code-server/extensions/ms-python.python-2023.4.1/pythonFiles/get_output_via_markers.py ~/.local/share/code-server/extensions/ms-python.python-2023.4.1/pythonFiles/interpreterInfo.py
> conda run -n base --no-capture-output python ~/.local/share/code-server/extensions/ms-python.python-2023.4.1/pythonFiles/get_output_via_markers.py ~/.local/share/code-server/extensions/ms-python.python-2023.4.1/pythonFiles/printEnvVariables.py
> /opt/conda/bin/python -I ~/.local/share/code-server/extensions/ms-python.python-2023.4.1/pythonFiles/get_output_via_markers.py ~/.local/share/code-server/extensions/ms-python.python-2023.4.1/pythonFiles/interpreterInfo.py
Starting Jedi language server for code.
> conda info --json
Send text to terminal: source /opt/conda/bin/activate base
Send text to terminal: /opt/conda/bin/python /mnt/code/machine_learning/log_error_classifier.py
Send text to terminal: /opt/conda/bin/python /mnt/code/machine_learning/log_error_classifier.py
Send text to terminal: /opt/conda/bin/python /mnt/code/machine_learning/log_error_classifier.py
DAP Server launched with command: /opt/conda/bin/python /home/domino/.local/share/code-server/extensions/ms-python.python-2023.4.1/pythonFiles/lib/python/debugpy/adapter
> conda info --json
DAP Server launched with command: /opt/conda/bin/python /home/domino/.local/share/code-server/extensions/ms-python.python-2023.4.1/pythonFiles/lib/python/debugpy/adapter
Send text to terminal:  /usr/bin/env /opt/conda/bin/python /home/domino/.local/share/code-server/extensions/ms-python.python-2023.4.1/pythonFiles/lib/python/debugpy/adapter/../../debugpy/launcher 44999 -- /mnt/code/machine_learning/log_error_classifier.py 
Send text to terminal:  /usr/bin/env /opt/conda/bin/python /home/domino/.local/share/code-server/extensions/ms-python.python-2023.4.1/pythonFiles/lib/python/debugpy/adapter/../../debugpy/launcher 39497 -- /mnt/code/machine_learning/log_error_classifier.py 
Send text to terminal: source /opt/conda/bin/activate base
Send text to terminal: source /opt/conda/bin/activate base
DAP Server launched with command: /opt/conda/bin/python /home/domino/.local/share/code-server/extensions/ms-python.python-2023.4.1/pythonFiles/lib/python/debugpy/adapter
Send text to terminal:  cd /mnt/code ; /usr/bin/env /opt/conda/bin/python /home/domino/.local/share/code-server/extensions/ms-python.python-2023.4.1/pythonFiles/lib/python/debugpy/adapter/../../debugpy/launcher 40719 -- /mnt/code/machine_learning/log_error_classifier.py 
DAP Server launched with command: /opt/conda/bin/python /home/domino/.local/share/code-server/extensions/ms-python.python-2023.4.1/pythonFiles/lib/python/debugpy/adapter
Send text to terminal:  cd /mnt/code ; /usr/bin/env /opt/conda/bin/python /home/domino/.local/share/code-server/extensions/ms-python.python-2023.4.1/pythonFiles/lib/python/debugpy/adapter/../../debugpy/launcher 53721 -- /mnt/code/machine_learning/log_error_classifier.py 
DAP Server launched with command: /opt/conda/bin/python /home/domino/.local/share/code-server/extensions/ms-python.python-2023.4.1/pythonFiles/lib/python/debugpy/adapter
Send text to terminal:  cd /mnt/code ; /usr/bin/env /opt/conda/bin/python /home/domino/.local/share/code-server/extensions/ms-python.python-2023.4.1/pythonFiles/lib/python/debugpy/adapter/../../debugpy/launcher 36993 -- /mnt/code/machine_learning/log_error_classifier.py 
DAP Server launched with command: /opt/conda/bin/python /home/domino/.local/share/code-server/extensions/ms-python.python-2023.4.1/pythonFiles/lib/python/debugpy/adapter
Send text to terminal:  cd /mnt/code ; /usr/bin/env /opt/conda/bin/python /home/domino/.local/share/code-server/extensions/ms-python.python-2023.4.1/pythonFiles/lib/python/debugpy/adapter/../../debugpy/launcher 36033 -- /mnt/code/machine_learning/log_error_classifier.py 
DAP Server launched with command: /opt/conda/bin/python /home/domino/.local/share/code-server/extensions/ms-python.python-2023.4.1/pythonFiles/lib/python/debugpy/adapter
Send text to terminal:  cd /mnt/code ; /usr/bin/env /opt/conda/bin/python /home/domino/.local/share/code-server/extensions/ms-python.python-2023.4.1/pythonFiles/lib/python/debugpy/adapter/../../debugpy/launcher 37543 -- /mnt/code/machine_learning/log_error_classifier.py 
DAP Server launched with command: /opt/conda/bin/python /home/domino/.local/share/code-server/extensions/ms-python.python-2023.4.1/pythonFiles/lib/python/debugpy/adapter
Send text to terminal:  cd /mnt/code ; /usr/bin/env /opt/conda/bin/python /home/domino/.local/share/code-server/extensions/ms-python.python-2023.4.1/pythonFiles/lib/python/debugpy/adapter/../../debugpy/launcher 54867 -- /mnt/code/machine_learning/log_error_classifier.py 
DAP Server launched with command: /opt/conda/bin/python /home/domino/.local/share/code-server/extensions/ms-python.python-2023.4.1/pythonFiles/lib/python/debugpy/adapter
Send text to terminal:  cd /mnt/code ; /usr/bin/env /opt/conda/bin/python /home/domino/.local/share/code-server/extensions/ms-python.python-2023.4.1/pythonFiles/lib/python/debugpy/adapter/../../debugpy/launcher 45389 -- /mnt/code/machine_learning/log_error_classifier.py 
DAP Server launched with command: /opt/conda/bin/python /home/domino/.local/share/code-server/extensions/ms-python.python-2023.4.1/pythonFiles/lib/python/debugpy/adapter
Send text to terminal:  cd /mnt/code ; /usr/bin/env /opt/conda/bin/python /home/domino/.local/share/code-server/extensions/ms-python.python-2023.4.1/pythonFiles/lib/python/debugpy/adapter/../../debugpy/launcher 53191 -- /mnt/code/machine_learning/log_error_classifier.py 
DAP Server launched with command: /opt/conda/bin/python /home/domino/.local/share/code-server/extensions/ms-python.python-2023.4.1/pythonFiles/lib/python/debugpy/adapter
Send text to terminal:  cd /mnt/code ; /usr/bin/env /opt/conda/bin/python /home/domino/.local/share/code-server/extensions/ms-python.python-2023.4.1/pythonFiles/lib/python/debugpy/adapter/../../debugpy/launcher 49393 -- /mnt/code/machine_learning/log_error_classifier.py 
