2023-10-31 17:45:28.239 [info] Log level: Info
2023-10-31 17:45:28.239 [info] Validating found git in: "git"
2023-10-31 17:45:28.239 [info] Using git "2.25.1" from "git"
2023-10-31 17:45:28.239 [info] > git rev-parse --show-toplevel [723ms]
2023-10-31 17:45:28.239 [info] > git rev-parse --git-dir --git-common-dir [3ms]
2023-10-31 17:45:28.239 [info] Open repository: /mnt/code
2023-10-31 17:45:28.239 [info] > git rev-parse --show-toplevel [3ms]
2023-10-31 17:45:28.239 [info] > git rev-parse --show-toplevel [3ms]
2023-10-31 17:45:28.239 [info] > git rev-parse --show-toplevel [14ms]
2023-10-31 17:45:28.239 [info] > git for-each-ref --format=%(refname)%00%(upstream:short)%00%(objectname)%00%(upstream:track)%00%(upstream:remotename)%00%(upstream:remoteref) refs/heads/main refs/remotes/main [56ms]
2023-10-31 17:45:28.239 [info] > git rev-parse --show-toplevel [27ms]
2023-10-31 17:45:28.239 [info] > git for-each-ref --sort -committerdate --format %(refname) %(objectname) %(*objectname) [13ms]
2023-10-31 17:45:28.239 [info] > git rev-parse --show-toplevel [68ms]
2023-10-31 17:45:28.239 [info] > git status -z -uall [112ms]
2023-10-31 17:45:28.239 [info] > git for-each-ref --format=%(refname)%00%(upstream:short)%00%(objectname)%00%(upstream:track)%00%(upstream:remotename)%00%(upstream:remoteref) refs/heads/main refs/remotes/main [4ms]
2023-10-31 17:45:28.239 [info] > git for-each-ref --sort -committerdate --format %(refname) %(objectname) %(*objectname) [26ms]
2023-10-31 17:45:28.239 [info] > git status -z -uall [47ms]
2023-10-31 17:45:28.239 [info] > git check-ignore -v -z --stdin [4ms]
2023-10-31 17:45:28.268 [info] > git for-each-ref --format=%(refname)%00%(upstream:short)%00%(objectname)%00%(upstream:track)%00%(upstream:remotename)%00%(upstream:remoteref) refs/heads/main refs/remotes/main [4ms]
2023-10-31 17:45:28.299 [info] > git status -z -uall [18ms]
2023-10-31 17:45:28.300 [info] > git for-each-ref --sort -committerdate --format %(refname) %(objectname) %(*objectname) [4ms]
2023-10-31 17:45:28.815 [info] > git check-ignore -v -z --stdin [2ms]
2023-10-31 17:45:31.914 [info] > git show --textconv :machine_learning/log_error_classifier.py [107ms]
2023-10-31 17:45:31.914 [info] > git ls-files --stage -- /mnt/code/machine_learning/log_error_classifier.py [26ms]
2023-10-31 17:45:31.999 [info] > git cat-file -s e70eedaa08455ae17a53143e2b178083fcce0c9b [11ms]
2023-10-31 17:45:33.422 [info] > git for-each-ref --format=%(refname)%00%(upstream:short)%00%(objectname)%00%(upstream:track)%00%(upstream:remotename)%00%(upstream:remoteref) refs/heads/main refs/remotes/main [7ms]
2023-10-31 17:45:33.697 [info] > git status -z -uall [212ms]
2023-10-31 17:45:33.698 [info] > git for-each-ref --sort -committerdate --format %(refname) %(objectname) %(*objectname) [127ms]
2023-10-31 17:45:35.040 [info] > git show --textconv :machine_learning/log_error_classifier.py [29ms]
2023-10-31 17:45:35.053 [info] > git ls-files --stage -- /mnt/code/machine_learning/log_error_classifier.py [14ms]
2023-10-31 17:45:35.087 [info] > git cat-file -s e70eedaa08455ae17a53143e2b178083fcce0c9b [4ms]
2023-10-31 17:45:38.736 [info] > git for-each-ref --format=%(refname)%00%(upstream:short)%00%(objectname)%00%(upstream:track)%00%(upstream:remotename)%00%(upstream:remoteref) refs/heads/main refs/remotes/main [3ms]
2023-10-31 17:45:38.811 [info] > git status -z -uall [24ms]
2023-10-31 17:45:38.815 [info] > git for-each-ref --sort -committerdate --format %(refname) %(objectname) %(*objectname) [9ms]
