code-server (1.75.1, prod-field.cs.domino.tech, server-distro)
Jupyter Extension Version: 2022.10.110.
Python Extension Version: 2023.4.1.
Workspace folder /mnt/code
info 17:45:30.702: ZMQ install verified.
info 17:45:31.489: LSP Notebooks experiment is disabled -- Pylance disabled or not installed
info 17:45:33.279: Preferred Remote kernel for /mnt/code/machine_learning/testing_hugging_face_documentation.ipynb is undefined
info 17:45:33.280: Preferred Remote kernel for /mnt/code/machine_learning/testing_hugging_face_documentation.ipynb is undefined
info 17:45:33.280: Find preferred kernel for /mnt/code/machine_learning/testing_hugging_face_documentation.ipynb with metadata {"dca-init":"true","kernelspec":{"display_name":"Python 3 (ipykernel)","language":"python","name":"python3"},"language_info":{"codemirror_mode":{"name":"ipython","version":3},"file_extension":".py","mimetype":"text/x-python","name":"python","nbconvert_exporter":"python","pygments_lexer":"ipython3","version":"3.9.18"}} & preferred interpreter /opt/conda/bin/python
info 17:45:33.286: Preferred Remote kernel for /mnt/code/machine_learning/testing_hugging_face_documentation.ipynb is undefined
info 17:45:33.286: Find preferred kernel for /mnt/code/machine_learning/testing_hugging_face_documentation.ipynb with metadata {"dca-init":"true","kernelspec":{"display_name":"Python 3 (ipykernel)","language":"python","name":"python3"},"language_info":{"codemirror_mode":{"name":"ipython","version":3},"file_extension":".py","mimetype":"text/x-python","name":"python","nbconvert_exporter":"python","pygments_lexer":"ipython3","version":"3.9.18"}} & preferred interpreter /opt/conda/bin/python
info 17:45:33.309: Preferred Remote kernel for /mnt/code/machine_learning/testing_hugging_face_documentation.ipynb is undefined
info 17:45:33.313: Find preferred kernel cancelled
info 17:45:33.322: Preferred Remote kernel for /mnt/code/machine_learning/testing_hugging_face_documentation.ipynb is undefined
info 17:45:33.323: Preferred kernel .jvsc74a57bd0d4d1e4263499bec80672ea0156c357c1ee493ec2b1c70f0acce89fc37c4a6abe./opt/conda/python./opt/conda/python.-m#ipykernel_launcher is exact match or top match for non python kernels, (false, [object Object], false, false)
info 17:45:33.327: PreferredConnection: .jvsc74a57bd0d4d1e4263499bec80672ea0156c357c1ee493ec2b1c70f0acce89fc37c4a6abe./opt/conda/python./opt/conda/python.-m#ipykernel_launcher found for NotebookDocument: /mnt/code/machine_learning/testing_hugging_face_documentation.ipynb
info 17:45:33.332: Got env vars ourselves faster /opt/conda/bin/python with env var count 304 in 1101ms
info 17:45:33.380: Process Execution: > /opt/conda/bin/python -m pip list
> /opt/conda/bin/python -m pip list
info 17:45:35.792: Preferred Remote kernel for /mnt/code/machine_learning/log_error_classifier_playground.ipynb is undefined
info 17:45:35.793: Preferred Remote kernel for /mnt/code/machine_learning/log_error_classifier_playground.ipynb is undefined
info 17:45:35.793: Find preferred kernel for /mnt/code/machine_learning/log_error_classifier_playground.ipynb with metadata {"dca-init":"true","kernelspec":{"display_name":"base","language":"python","name":"python3"},"language_info":{"codemirror_mode":{"name":"ipython","version":3},"file_extension":".py","mimetype":"text/x-python","name":"python","nbconvert_exporter":"python","pygments_lexer":"ipython3","version":"3.9.18 (main, Sep 11 2023, 13:41:44) \n[GCC 11.2.0]"},"vscode":{"interpreter":{"hash":"d4d1e4263499bec80672ea0156c357c1ee493ec2b1c70f0acce89fc37c4a6abe"}}} & preferred interpreter /opt/conda/bin/python
info 17:45:35.796: Preferred Remote kernel for /mnt/code/machine_learning/log_error_classifier_playground.ipynb is undefined
info 17:45:35.796: Preferred kernel .jvsc74a57bd0d4d1e4263499bec80672ea0156c357c1ee493ec2b1c70f0acce89fc37c4a6abe./opt/conda/python./opt/conda/python.-m#ipykernel_launcher is exact match or top match for non python kernels, (false, [object Object], true, false)
info 17:45:35.798: PreferredConnection: .jvsc74a57bd0d4d1e4263499bec80672ea0156c357c1ee493ec2b1c70f0acce89fc37c4a6abe./opt/conda/python./opt/conda/python.-m#ipykernel_launcher found for NotebookDocument: /mnt/code/machine_learning/log_error_classifier_playground.ipynb
info 17:45:37.318: Preferred Remote kernel for /mnt/code/machine_learning/log_error_classifier_playground.ipynb is undefined
info 17:45:37.318: Preferred Remote kernel for /mnt/code/machine_learning/log_error_classifier_playground.ipynb is undefined
info 17:45:37.318: Preferred Remote kernel for /mnt/code/machine_learning/log_error_classifier_playground.ipynb is undefined
info 17:45:37.318: Preferred Remote kernel for /mnt/code/machine_learning/log_error_classifier_playground.ipynb is undefined
info 17:45:37.318: Preferred Remote kernel for /mnt/code/machine_learning/log_error_classifier_playground.ipynb is undefined
info 17:45:37.318: Preferred Remote kernel for /mnt/code/machine_learning/log_error_classifier_playground.ipynb is undefined
info 17:45:37.318: Preferred Remote kernel for /mnt/code/machine_learning/log_error_classifier_playground.ipynb is undefined
info 17:45:37.318: Preferred Remote kernel for /mnt/code/machine_learning/log_error_classifier_playground.ipynb is undefined
info 17:45:37.318: Preferred Remote kernel for /mnt/code/machine_learning/log_error_classifier_playground.ipynb is undefined
info 17:45:37.319: Find preferred kernel for /mnt/code/machine_learning/log_error_classifier_playground.ipynb with metadata {"dca-init":"true","kernelspec":{"display_name":"base","language":"python","name":"python3"},"language_info":{"codemirror_mode":{"name":"ipython","version":3},"file_extension":".py","mimetype":"text/x-python","name":"python","nbconvert_exporter":"python","pygments_lexer":"ipython3","version":"3.9.18 (main, Sep 11 2023, 13:41:44) \n[GCC 11.2.0]"},"vscode":{"interpreter":{"hash":"d4d1e4263499bec80672ea0156c357c1ee493ec2b1c70f0acce89fc37c4a6abe"}}} & preferred interpreter /opt/conda/bin/python
info 17:45:37.325: Preferred Remote kernel for /mnt/code/machine_learning/log_error_classifier_playground.ipynb is undefined
info 17:45:37.325: Preferred Remote kernel for /mnt/code/machine_learning/log_error_classifier_playground.ipynb is undefined
info 17:45:37.325: Preferred Remote kernel for /mnt/code/machine_learning/log_error_classifier_playground.ipynb is undefined
info 17:45:37.325: Preferred Remote kernel for /mnt/code/machine_learning/log_error_classifier_playground.ipynb is undefined
info 17:45:37.325: Preferred Remote kernel for /mnt/code/machine_learning/log_error_classifier_playground.ipynb is undefined
info 17:45:37.325: Preferred Remote kernel for /mnt/code/machine_learning/log_error_classifier_playground.ipynb is undefined
info 17:45:37.325: Preferred Remote kernel for /mnt/code/machine_learning/log_error_classifier_playground.ipynb is undefined
info 17:45:37.325: Preferred Remote kernel for /mnt/code/machine_learning/log_error_classifier_playground.ipynb is undefined
info 17:45:37.374: Find preferred kernel cancelled
info 17:45:37.374: Find preferred kernel cancelled
info 17:45:37.375: Find preferred kernel cancelled
info 17:45:37.375: Find preferred kernel cancelled
info 17:45:37.376: Find preferred kernel cancelled
info 17:45:37.383: Find preferred kernel cancelled
info 17:45:37.383: Find preferred kernel cancelled
info 17:45:37.384: Find preferred kernel cancelled
info 17:45:37.388: Preferred Remote kernel for /mnt/code/machine_learning/log_error_classifier_playground.ipynb is undefined
info 17:45:37.389: Preferred kernel .jvsc74a57bd0d4d1e4263499bec80672ea0156c357c1ee493ec2b1c70f0acce89fc37c4a6abe./opt/conda/python./opt/conda/python.-m#ipykernel_launcher is exact match or top match for non python kernels, (false, [object Object], true, false)
info 17:45:37.391: PreferredConnection: .jvsc74a57bd0d4d1e4263499bec80672ea0156c357c1ee493ec2b1c70f0acce89fc37c4a6abe./opt/conda/python./opt/conda/python.-m#ipykernel_launcher found for NotebookDocument: /mnt/code/machine_learning/log_error_classifier_playground.ipynb
info 17:45:38.810: Got env vars with python /opt/conda/bin/python, with env var count 305 and custom env var count 0 in 6579ms
