code-server (1.75.1, prod-field.cs.domino.tech, server-distro)
Jupyter Extension Version: 2022.10.110.
Python Extension Version: 2023.4.1.
Workspace folder /mnt/code
info 19:03:12.422: ZMQ install verified.
info 19:03:13.658: LSP Notebooks experiment is disabled -- Pylance disabled or not installed
info 19:03:18.362: Got env vars ourselves faster /opt/conda/bin/python with env var count 243 in 3188ms
info 19:03:18.386: Process Execution: > /opt/conda/bin/python -m pip list
> /opt/conda/bin/python -m pip list
info 19:03:19.421: Preferred Remote kernel for /mnt/code/machine_learning/log_error_classifier_playground.ipynb is undefined
info 19:03:19.422: Preferred Remote kernel for /mnt/code/machine_learning/log_error_classifier_playground.ipynb is undefined
info 19:03:19.422: Find preferred kernel for /mnt/code/machine_learning/log_error_classifier_playground.ipynb with metadata {"dca-init":"true","kernelspec":{"display_name":"base","language":"python","name":"python3"},"language_info":{"codemirror_mode":{"name":"ipython","version":3},"file_extension":".py","mimetype":"text/x-python","name":"python","nbconvert_exporter":"python","pygments_lexer":"ipython3","version":"3.9.18 (main, Sep 11 2023, 13:41:44) \n[GCC 11.2.0]"},"vscode":{"interpreter":{"hash":"d4d1e4263499bec80672ea0156c357c1ee493ec2b1c70f0acce89fc37c4a6abe"}}} & preferred interpreter /opt/conda/bin/python
info 19:03:19.427: Preferred Remote kernel for /mnt/code/machine_learning/log_error_classifier_playground.ipynb is undefined
info 19:03:19.427: Find preferred kernel for /mnt/code/machine_learning/log_error_classifier_playground.ipynb with metadata {"dca-init":"true","kernelspec":{"display_name":"base","language":"python","name":"python3"},"language_info":{"codemirror_mode":{"name":"ipython","version":3},"file_extension":".py","mimetype":"text/x-python","name":"python","nbconvert_exporter":"python","pygments_lexer":"ipython3","version":"3.9.18 (main, Sep 11 2023, 13:41:44) \n[GCC 11.2.0]"},"vscode":{"interpreter":{"hash":"d4d1e4263499bec80672ea0156c357c1ee493ec2b1c70f0acce89fc37c4a6abe"}}} & preferred interpreter /opt/conda/bin/python
info 19:03:19.554: Preferred Remote kernel for /mnt/code/machine_learning/log_error_classifier_playground.ipynb is undefined
info 19:03:19.556: Find preferred kernel cancelled
info 19:03:19.563: Preferred Remote kernel for /mnt/code/machine_learning/log_error_classifier_playground.ipynb is undefined
info 19:03:19.564: Preferred kernel .jvsc74a57bd0d4d1e4263499bec80672ea0156c357c1ee493ec2b1c70f0acce89fc37c4a6abe./opt/conda/python./opt/conda/python.-m#ipykernel_launcher is exact match or top match for non python kernels, (false, [object Object], true, false)
info 19:03:19.569: PreferredConnection: .jvsc74a57bd0d4d1e4263499bec80672ea0156c357c1ee493ec2b1c70f0acce89fc37c4a6abe./opt/conda/python./opt/conda/python.-m#ipykernel_launcher found for NotebookDocument: /mnt/code/machine_learning/log_error_classifier_playground.ipynb
info 19:03:20.535: Preferred Remote kernel for /mnt/code/machine_learning/log_error_classifier_playground.ipynb is undefined
info 19:03:20.535: Preferred Remote kernel for /mnt/code/machine_learning/log_error_classifier_playground.ipynb is undefined
info 19:03:20.535: Preferred Remote kernel for /mnt/code/machine_learning/log_error_classifier_playground.ipynb is undefined
info 19:03:20.535: Preferred Remote kernel for /mnt/code/machine_learning/log_error_classifier_playground.ipynb is undefined
info 19:03:20.535: Preferred Remote kernel for /mnt/code/machine_learning/log_error_classifier_playground.ipynb is undefined
info 19:03:20.535: Preferred Remote kernel for /mnt/code/machine_learning/log_error_classifier_playground.ipynb is undefined
info 19:03:20.535: Preferred Remote kernel for /mnt/code/machine_learning/log_error_classifier_playground.ipynb is undefined
info 19:03:20.535: Preferred Remote kernel for /mnt/code/machine_learning/log_error_classifier_playground.ipynb is undefined
info 19:03:20.535: Preferred Remote kernel for /mnt/code/machine_learning/log_error_classifier_playground.ipynb is undefined
info 19:03:20.537: Find preferred kernel for /mnt/code/machine_learning/log_error_classifier_playground.ipynb with metadata {"dca-init":"true","kernelspec":{"display_name":"base","language":"python","name":"python3"},"language_info":{"codemirror_mode":{"name":"ipython","version":3},"file_extension":".py","mimetype":"text/x-python","name":"python","nbconvert_exporter":"python","pygments_lexer":"ipython3","version":"3.9.18 (main, Sep 11 2023, 13:41:44) \n[GCC 11.2.0]"},"vscode":{"interpreter":{"hash":"d4d1e4263499bec80672ea0156c357c1ee493ec2b1c70f0acce89fc37c4a6abe"}}} & preferred interpreter /opt/conda/bin/python
info 19:03:20.545: Preferred Remote kernel for /mnt/code/machine_learning/log_error_classifier_playground.ipynb is undefined
info 19:03:20.545: Preferred Remote kernel for /mnt/code/machine_learning/log_error_classifier_playground.ipynb is undefined
info 19:03:20.545: Preferred Remote kernel for /mnt/code/machine_learning/log_error_classifier_playground.ipynb is undefined
info 19:03:20.545: Preferred Remote kernel for /mnt/code/machine_learning/log_error_classifier_playground.ipynb is undefined
info 19:03:20.545: Preferred Remote kernel for /mnt/code/machine_learning/log_error_classifier_playground.ipynb is undefined
info 19:03:20.545: Preferred Remote kernel for /mnt/code/machine_learning/log_error_classifier_playground.ipynb is undefined
info 19:03:20.545: Preferred Remote kernel for /mnt/code/machine_learning/log_error_classifier_playground.ipynb is undefined
info 19:03:20.545: Preferred Remote kernel for /mnt/code/machine_learning/log_error_classifier_playground.ipynb is undefined
info 19:03:20.557: Find preferred kernel cancelled
info 19:03:20.558: Find preferred kernel cancelled
info 19:03:20.559: Find preferred kernel cancelled
info 19:03:20.559: Find preferred kernel cancelled
info 19:03:20.560: Find preferred kernel cancelled
info 19:03:20.561: Find preferred kernel cancelled
info 19:03:20.562: Find preferred kernel cancelled
info 19:03:20.563: Find preferred kernel cancelled
info 19:03:20.567: Preferred Remote kernel for /mnt/code/machine_learning/log_error_classifier_playground.ipynb is undefined
info 19:03:20.620: Preferred kernel .jvsc74a57bd0d4d1e4263499bec80672ea0156c357c1ee493ec2b1c70f0acce89fc37c4a6abe./opt/conda/python./opt/conda/python.-m#ipykernel_launcher is exact match or top match for non python kernels, (false, [object Object], true, false)
info 19:03:20.622: PreferredConnection: .jvsc74a57bd0d4d1e4263499bec80672ea0156c357c1ee493ec2b1c70f0acce89fc37c4a6abe./opt/conda/python./opt/conda/python.-m#ipykernel_launcher found for NotebookDocument: /mnt/code/machine_learning/log_error_classifier_playground.ipynb
info 19:03:23.261: Got env vars with python /opt/conda/bin/python, with env var count 244 and custom env var count 0 in 8085ms
