2023-10-27 20:04:04.368 [info] Log level: Info
2023-10-27 20:04:04.368 [info] Validating found git in: "git"
2023-10-27 20:04:04.368 [info] Using git "2.25.1" from "git"
2023-10-27 20:04:04.368 [info] > git rev-parse --show-toplevel [182ms]
2023-10-27 20:04:04.368 [info] > git rev-parse --git-dir --git-common-dir [1ms]
2023-10-27 20:04:04.368 [info] Open repository: /mnt/code
2023-10-27 20:04:04.368 [info] > git rev-parse --show-toplevel [2ms]
2023-10-27 20:04:04.368 [info] > git rev-parse --show-toplevel [1ms]
2023-10-27 20:04:04.368 [info] > git rev-parse --show-toplevel [6ms]
2023-10-27 20:04:04.368 [info] > git for-each-ref --format %(refname) %(objectname) %(*objectname) refs/tags [11ms]
2023-10-27 20:04:04.368 [info] > git rev-parse --show-toplevel [18ms]
2023-10-27 20:04:04.368 [info] > git status -z -uall [13ms]
2023-10-27 20:04:04.368 [info] > git for-each-ref --sort -committerdate --format %(refname) %(objectname) %(*objectname) [7ms]
2023-10-27 20:04:04.368 [info] > git rev-parse --show-toplevel [8ms]
2023-10-27 20:04:04.368 [info] > git for-each-ref --format %(refname) %(objectname) %(*objectname) refs/tags [17ms]
2023-10-27 20:04:04.368 [info] > git status -z -uall [11ms]
2023-10-27 20:04:04.368 [info] > git for-each-ref --sort -committerdate --format %(refname) %(objectname) %(*objectname) [2ms]
2023-10-27 20:04:04.599 [info] > git check-ignore -v -z --stdin [2ms]
2023-10-27 20:04:13.220 [info] > git for-each-ref --format=%(refname)%00%(upstream:short)%00%(objectname)%00%(upstream:track)%00%(upstream:remotename)%00%(upstream:remoteref) refs/heads/a218d59badfb88da337f3476a41a425182b6ef8f refs/remotes/a218d59badfb88da337f3476a41a425182b6ef8f [1ms]
2023-10-27 20:04:13.247 [info] > git status -z -uall [14ms]
2023-10-27 20:04:13.248 [info] > git for-each-ref --sort -committerdate --format %(refname) %(objectname) %(*objectname) [1ms]
2023-10-27 20:04:18.266 [info] > git for-each-ref --format=%(refname)%00%(upstream:short)%00%(objectname)%00%(upstream:track)%00%(upstream:remotename)%00%(upstream:remoteref) refs/heads/a218d59badfb88da337f3476a41a425182b6ef8f refs/remotes/a218d59badfb88da337f3476a41a425182b6ef8f [1ms]
2023-10-27 20:04:18.295 [info] > git status -z -uall [16ms]
2023-10-27 20:04:18.295 [info] > git for-each-ref --sort -committerdate --format %(refname) %(objectname) %(*objectname) [3ms]
2023-10-27 20:04:23.310 [info] > git for-each-ref --format=%(refname)%00%(upstream:short)%00%(objectname)%00%(upstream:track)%00%(upstream:remotename)%00%(upstream:remoteref) refs/heads/a218d59badfb88da337f3476a41a425182b6ef8f refs/remotes/a218d59badfb88da337f3476a41a425182b6ef8f [1ms]
2023-10-27 20:04:23.330 [info] > git status -z -uall [11ms]
2023-10-27 20:04:23.330 [info] > git for-each-ref --sort -committerdate --format %(refname) %(objectname) %(*objectname) [1ms]
2023-10-27 20:04:28.344 [info] > git for-each-ref --format=%(refname)%00%(upstream:short)%00%(objectname)%00%(upstream:track)%00%(upstream:remotename)%00%(upstream:remoteref) refs/heads/a218d59badfb88da337f3476a41a425182b6ef8f refs/remotes/a218d59badfb88da337f3476a41a425182b6ef8f [1ms]
2023-10-27 20:04:28.363 [info] > git status -z -uall [10ms]
2023-10-27 20:04:28.364 [info] > git for-each-ref --sort -committerdate --format %(refname) %(objectname) %(*objectname) [1ms]
2023-10-27 20:04:33.379 [info] > git for-each-ref --format=%(refname)%00%(upstream:short)%00%(objectname)%00%(upstream:track)%00%(upstream:remotename)%00%(upstream:remoteref) refs/heads/a218d59badfb88da337f3476a41a425182b6ef8f refs/remotes/a218d59badfb88da337f3476a41a425182b6ef8f [0ms]
2023-10-27 20:04:33.398 [info] > git status -z -uall [11ms]
2023-10-27 20:04:33.399 [info] > git for-each-ref --sort -committerdate --format %(refname) %(objectname) %(*objectname) [2ms]
2023-10-27 20:04:38.413 [info] > git for-each-ref --format=%(refname)%00%(upstream:short)%00%(objectname)%00%(upstream:track)%00%(upstream:remotename)%00%(upstream:remoteref) refs/heads/main refs/remotes/main [1ms]
2023-10-27 20:04:38.413 [info] warning: refname 'a218d59badfb88da337f3476a41a425182b6ef8f' is ambiguous.
Git normally never creates a ref that ends with 40 hex characters
because it will be ignored when you just specify 40-hex. These refs
may be created by mistake. For example,

  git switch -c $br $(git rev-parse ...)

where "$br" is somehow empty and a 40-hex ref is created. Please
examine these refs and maybe delete them. Turn this message off by
running "git config advice.objectNameWarning false"
2023-10-27 20:04:38.433 [info] > git status -z -uall [9ms]
2023-10-27 20:04:38.433 [info] > git for-each-ref --sort -committerdate --format %(refname) %(objectname) %(*objectname) [1ms]
2023-10-27 20:04:44.231 [info] > git for-each-ref --format=%(refname)%00%(upstream:short)%00%(objectname)%00%(upstream:track)%00%(upstream:remotename)%00%(upstream:remoteref) refs/heads/main refs/remotes/main [1ms]
2023-10-27 20:04:44.251 [info] > git status -z -uall [11ms]
2023-10-27 20:04:44.252 [info] > git for-each-ref --sort -committerdate --format %(refname) %(objectname) %(*objectname) [1ms]
2023-10-27 20:04:49.266 [info] > git for-each-ref --format=%(refname)%00%(upstream:short)%00%(objectname)%00%(upstream:track)%00%(upstream:remotename)%00%(upstream:remoteref) refs/heads/main refs/remotes/main [1ms]
2023-10-27 20:04:49.285 [info] > git status -z -uall [11ms]
2023-10-27 20:04:49.285 [info] > git for-each-ref --sort -committerdate --format %(refname) %(objectname) %(*objectname) [2ms]
2023-10-27 20:04:49.868 [info] > git show --textconv :machine_learning/log_error_classifier.py [11ms]
2023-10-27 20:04:49.868 [info] > git ls-files --stage -- /mnt/code/machine_learning/log_error_classifier.py [2ms]
2023-10-27 20:04:49.878 [info] > git cat-file -s e70eedaa08455ae17a53143e2b178083fcce0c9b [1ms]
2023-10-27 20:05:04.445 [info] > git for-each-ref --format=%(refname)%00%(upstream:short)%00%(objectname)%00%(upstream:track)%00%(upstream:remotename)%00%(upstream:remoteref) refs/heads/main refs/remotes/main [1ms]
2023-10-27 20:05:04.464 [info] > git status -z -uall [10ms]
2023-10-27 20:05:04.465 [info] > git for-each-ref --sort -committerdate --format %(refname) %(objectname) %(*objectname) [2ms]
2023-10-27 20:05:04.577 [info] > git ls-files --stage -- /mnt/code/machine_learning/log_error_classifier.py [1ms]
2023-10-27 20:05:04.586 [info] > git cat-file -s e70eedaa08455ae17a53143e2b178083fcce0c9b [1ms]
2023-10-27 20:05:04.630 [info] > git show --textconv :machine_learning/log_error_classifier.py [2ms]
2023-10-27 20:05:06.052 [info] > git ls-files --stage -- /mnt/code/machine_learning/log_error_classifier.py [1ms]
2023-10-27 20:05:06.082 [info] > git cat-file -s e70eedaa08455ae17a53143e2b178083fcce0c9b [0ms]
2023-10-27 20:05:06.127 [info] > git show --textconv :machine_learning/log_error_classifier.py [1ms]
2023-10-27 20:05:09.479 [info] > git for-each-ref --format=%(refname)%00%(upstream:short)%00%(objectname)%00%(upstream:track)%00%(upstream:remotename)%00%(upstream:remoteref) refs/heads/main refs/remotes/main [1ms]
2023-10-27 20:05:09.498 [info] > git status -z -uall [10ms]
2023-10-27 20:05:09.500 [info] > git for-each-ref --sort -committerdate --format %(refname) %(objectname) %(*objectname) [2ms]
2023-10-27 20:05:54.241 [info] > git for-each-ref --format=%(refname)%00%(upstream:short)%00%(objectname)%00%(upstream:track)%00%(upstream:remotename)%00%(upstream:remoteref) refs/heads/main refs/remotes/main [1ms]
2023-10-27 20:05:54.261 [info] > git status -z -uall [11ms]
2023-10-27 20:05:54.262 [info] > git for-each-ref --sort -committerdate --format %(refname) %(objectname) %(*objectname) [1ms]
2023-10-27 20:06:00.075 [info] > git for-each-ref --format=%(refname)%00%(upstream:short)%00%(objectname)%00%(upstream:track)%00%(upstream:remotename)%00%(upstream:remoteref) refs/heads/main refs/remotes/main [1ms]
2023-10-27 20:06:00.094 [info] > git status -z -uall [10ms]
2023-10-27 20:06:00.094 [info] > git for-each-ref --sort -committerdate --format %(refname) %(objectname) %(*objectname) [1ms]
2023-10-27 20:06:05.108 [info] > git for-each-ref --format=%(refname)%00%(upstream:short)%00%(objectname)%00%(upstream:track)%00%(upstream:remotename)%00%(upstream:remoteref) refs/heads/main refs/remotes/main [1ms]
2023-10-27 20:06:05.127 [info] > git status -z -uall [10ms]
2023-10-27 20:06:05.128 [info] > git for-each-ref --sort -committerdate --format %(refname) %(objectname) %(*objectname) [2ms]
2023-10-27 20:06:10.142 [info] > git for-each-ref --format=%(refname)%00%(upstream:short)%00%(objectname)%00%(upstream:track)%00%(upstream:remotename)%00%(upstream:remoteref) refs/heads/main refs/remotes/main [1ms]
2023-10-27 20:06:10.161 [info] > git status -z -uall [10ms]
2023-10-27 20:06:10.162 [info] > git for-each-ref --sort -committerdate --format %(refname) %(objectname) %(*objectname) [1ms]
2023-10-27 20:06:15.175 [info] > git for-each-ref --format=%(refname)%00%(upstream:short)%00%(objectname)%00%(upstream:track)%00%(upstream:remotename)%00%(upstream:remoteref) refs/heads/main refs/remotes/main [1ms]
2023-10-27 20:06:15.195 [info] > git status -z -uall [11ms]
2023-10-27 20:06:15.196 [info] > git for-each-ref --sort -committerdate --format %(refname) %(objectname) %(*objectname) [1ms]
2023-10-27 20:06:20.210 [info] > git for-each-ref --format=%(refname)%00%(upstream:short)%00%(objectname)%00%(upstream:track)%00%(upstream:remotename)%00%(upstream:remoteref) refs/heads/main refs/remotes/main [1ms]
2023-10-27 20:06:20.229 [info] > git status -z -uall [10ms]
2023-10-27 20:06:20.230 [info] > git for-each-ref --sort -committerdate --format %(refname) %(objectname) %(*objectname) [1ms]
2023-10-27 20:06:25.243 [info] > git for-each-ref --format=%(refname)%00%(upstream:short)%00%(objectname)%00%(upstream:track)%00%(upstream:remotename)%00%(upstream:remoteref) refs/heads/main refs/remotes/main [1ms]
2023-10-27 20:06:25.262 [info] > git status -z -uall [10ms]
2023-10-27 20:06:25.263 [info] > git for-each-ref --sort -committerdate --format %(refname) %(objectname) %(*objectname) [2ms]
2023-10-27 20:06:32.846 [info] > git for-each-ref --format=%(refname)%00%(upstream:short)%00%(objectname)%00%(upstream:track)%00%(upstream:remotename)%00%(upstream:remoteref) refs/heads/main refs/remotes/main [1ms]
2023-10-27 20:06:32.867 [info] > git status -z -uall [12ms]
2023-10-27 20:06:32.868 [info] > git for-each-ref --sort -committerdate --format %(refname) %(objectname) %(*objectname) [2ms]
2023-10-27 20:06:44.139 [info] > git for-each-ref --format=%(refname)%00%(upstream:short)%00%(objectname)%00%(upstream:track)%00%(upstream:remotename)%00%(upstream:remoteref) refs/heads/main refs/remotes/main [1ms]
2023-10-27 20:06:44.159 [info] > git status -z -uall [11ms]
2023-10-27 20:06:44.160 [info] > git for-each-ref --sort -committerdate --format %(refname) %(objectname) %(*objectname) [2ms]
2023-10-27 20:06:51.470 [info] > git for-each-ref --format=%(refname)%00%(upstream:short)%00%(objectname)%00%(upstream:track)%00%(upstream:remotename)%00%(upstream:remoteref) refs/heads/main refs/remotes/main [1ms]
2023-10-27 20:06:51.489 [info] > git status -z -uall [10ms]
2023-10-27 20:06:51.489 [info] > git for-each-ref --sort -committerdate --format %(refname) %(objectname) %(*objectname) [1ms]
2023-10-27 20:06:57.519 [info] > git for-each-ref --format=%(refname)%00%(upstream:short)%00%(objectname)%00%(upstream:track)%00%(upstream:remotename)%00%(upstream:remoteref) refs/heads/main refs/remotes/main [1ms]
2023-10-27 20:06:57.538 [info] > git status -z -uall [10ms]
2023-10-27 20:06:57.539 [info] > git for-each-ref --sort -committerdate --format %(refname) %(objectname) %(*objectname) [2ms]
2023-10-27 20:07:02.552 [info] > git for-each-ref --format=%(refname)%00%(upstream:short)%00%(objectname)%00%(upstream:track)%00%(upstream:remotename)%00%(upstream:remoteref) refs/heads/main refs/remotes/main [1ms]
2023-10-27 20:07:02.571 [info] > git status -z -uall [10ms]
2023-10-27 20:07:02.572 [info] > git for-each-ref --sort -committerdate --format %(refname) %(objectname) %(*objectname) [2ms]
2023-10-27 20:07:10.454 [info] > git for-each-ref --format=%(refname)%00%(upstream:short)%00%(objectname)%00%(upstream:track)%00%(upstream:remotename)%00%(upstream:remoteref) refs/heads/main refs/remotes/main [1ms]
2023-10-27 20:07:10.473 [info] > git status -z -uall [10ms]
2023-10-27 20:07:10.474 [info] > git for-each-ref --sort -committerdate --format %(refname) %(objectname) %(*objectname) [1ms]
2023-10-27 20:07:15.487 [info] > git for-each-ref --format=%(refname)%00%(upstream:short)%00%(objectname)%00%(upstream:track)%00%(upstream:remotename)%00%(upstream:remoteref) refs/heads/main refs/remotes/main [1ms]
2023-10-27 20:07:15.507 [info] > git status -z -uall [11ms]
2023-10-27 20:07:15.507 [info] > git for-each-ref --sort -committerdate --format %(refname) %(objectname) %(*objectname) [1ms]
2023-10-27 20:07:20.520 [info] > git for-each-ref --format=%(refname)%00%(upstream:short)%00%(objectname)%00%(upstream:track)%00%(upstream:remotename)%00%(upstream:remoteref) refs/heads/main refs/remotes/main [1ms]
2023-10-27 20:07:20.541 [info] > git status -z -uall [12ms]
2023-10-27 20:07:20.542 [info] > git for-each-ref --sort -committerdate --format %(refname) %(objectname) %(*objectname) [1ms]
2023-10-27 20:07:25.557 [info] > git for-each-ref --format=%(refname)%00%(upstream:short)%00%(objectname)%00%(upstream:track)%00%(upstream:remotename)%00%(upstream:remoteref) refs/heads/main refs/remotes/main [3ms]
2023-10-27 20:07:25.578 [info] > git status -z -uall [11ms]
2023-10-27 20:07:25.579 [info] > git for-each-ref --sort -committerdate --format %(refname) %(objectname) %(*objectname) [2ms]
2023-10-27 20:08:03.720 [info] > git for-each-ref --format=%(refname)%00%(upstream:short)%00%(objectname)%00%(upstream:track)%00%(upstream:remotename)%00%(upstream:remoteref) refs/heads/main refs/remotes/main [1ms]
2023-10-27 20:08:03.740 [info] > git status -z -uall [11ms]
2023-10-27 20:08:03.740 [info] > git for-each-ref --sort -committerdate --format %(refname) %(objectname) %(*objectname) [1ms]
2023-10-27 20:08:08.754 [info] > git for-each-ref --format=%(refname)%00%(upstream:short)%00%(objectname)%00%(upstream:track)%00%(upstream:remotename)%00%(upstream:remoteref) refs/heads/main refs/remotes/main [1ms]
2023-10-27 20:08:08.773 [info] > git status -z -uall [10ms]
2023-10-27 20:08:08.773 [info] > git for-each-ref --sort -committerdate --format %(refname) %(objectname) %(*objectname) [1ms]
2023-10-27 20:08:58.974 [info] > git for-each-ref --format=%(refname)%00%(upstream:short)%00%(objectname)%00%(upstream:track)%00%(upstream:remotename)%00%(upstream:remoteref) refs/heads/main refs/remotes/main [1ms]
2023-10-27 20:08:58.996 [info] > git status -z -uall [10ms]
2023-10-27 20:08:58.997 [info] > git for-each-ref --sort -committerdate --format %(refname) %(objectname) %(*objectname) [1ms]
2023-10-27 20:09:16.965 [info] > git for-each-ref --format=%(refname)%00%(upstream:short)%00%(objectname)%00%(upstream:track)%00%(upstream:remotename)%00%(upstream:remoteref) refs/heads/main refs/remotes/main [0ms]
2023-10-27 20:09:16.984 [info] > git status -z -uall [10ms]
2023-10-27 20:09:16.984 [info] > git for-each-ref --sort -committerdate --format %(refname) %(objectname) %(*objectname) [1ms]
2023-10-27 20:09:25.925 [info] > git for-each-ref --format=%(refname)%00%(upstream:short)%00%(objectname)%00%(upstream:track)%00%(upstream:remotename)%00%(upstream:remoteref) refs/heads/main refs/remotes/main [1ms]
2023-10-27 20:09:25.945 [info] > git status -z -uall [11ms]
2023-10-27 20:09:25.946 [info] > git for-each-ref --sort -committerdate --format %(refname) %(objectname) %(*objectname) [1ms]
2023-10-27 20:09:43.476 [info] > git for-each-ref --format=%(refname)%00%(upstream:short)%00%(objectname)%00%(upstream:track)%00%(upstream:remotename)%00%(upstream:remoteref) refs/heads/main refs/remotes/main [0ms]
2023-10-27 20:09:43.496 [info] > git status -z -uall [10ms]
2023-10-27 20:09:43.497 [info] > git for-each-ref --sort -committerdate --format %(refname) %(objectname) %(*objectname) [1ms]
2023-10-27 20:09:48.512 [info] > git for-each-ref --format=%(refname)%00%(upstream:short)%00%(objectname)%00%(upstream:track)%00%(upstream:remotename)%00%(upstream:remoteref) refs/heads/main refs/remotes/main [2ms]
2023-10-27 20:09:48.531 [info] > git status -z -uall [10ms]
2023-10-27 20:09:48.532 [info] > git for-each-ref --sort -committerdate --format %(refname) %(objectname) %(*objectname) [1ms]
2023-10-27 20:10:00.733 [info] > git for-each-ref --format=%(refname)%00%(upstream:short)%00%(objectname)%00%(upstream:track)%00%(upstream:remotename)%00%(upstream:remoteref) refs/heads/main refs/remotes/main [1ms]
2023-10-27 20:10:00.753 [info] > git status -z -uall [11ms]
2023-10-27 20:10:00.753 [info] > git for-each-ref --sort -committerdate --format %(refname) %(objectname) %(*objectname) [1ms]
2023-10-27 20:10:05.767 [info] > git for-each-ref --format=%(refname)%00%(upstream:short)%00%(objectname)%00%(upstream:track)%00%(upstream:remotename)%00%(upstream:remoteref) refs/heads/main refs/remotes/main [1ms]
2023-10-27 20:10:05.786 [info] > git status -z -uall [10ms]
2023-10-27 20:10:05.787 [info] > git for-each-ref --sort -committerdate --format %(refname) %(objectname) %(*objectname) [1ms]
2023-10-27 20:10:16.713 [info] > git for-each-ref --format=%(refname)%00%(upstream:short)%00%(objectname)%00%(upstream:track)%00%(upstream:remotename)%00%(upstream:remoteref) refs/heads/main refs/remotes/main [1ms]
2023-10-27 20:10:16.733 [info] > git status -z -uall [10ms]
2023-10-27 20:10:16.733 [info] > git for-each-ref --sort -committerdate --format %(refname) %(objectname) %(*objectname) [1ms]
2023-10-27 20:10:21.749 [info] > git for-each-ref --format=%(refname)%00%(upstream:short)%00%(objectname)%00%(upstream:track)%00%(upstream:remotename)%00%(upstream:remoteref) refs/heads/main refs/remotes/main [1ms]
2023-10-27 20:10:21.770 [info] > git status -z -uall [11ms]
2023-10-27 20:10:21.770 [info] > git for-each-ref --sort -committerdate --format %(refname) %(objectname) %(*objectname) [1ms]
2023-10-27 20:10:30.155 [info] > git for-each-ref --format=%(refname)%00%(upstream:short)%00%(objectname)%00%(upstream:track)%00%(upstream:remotename)%00%(upstream:remoteref) refs/heads/main refs/remotes/main [0ms]
2023-10-27 20:10:30.174 [info] > git status -z -uall [10ms]
2023-10-27 20:10:30.175 [info] > git for-each-ref --sort -committerdate --format %(refname) %(objectname) %(*objectname) [1ms]
2023-10-27 20:10:35.190 [info] > git for-each-ref --format=%(refname)%00%(upstream:short)%00%(objectname)%00%(upstream:track)%00%(upstream:remotename)%00%(upstream:remoteref) refs/heads/main refs/remotes/main [1ms]
2023-10-27 20:10:35.210 [info] > git status -z -uall [10ms]
2023-10-27 20:10:35.210 [info] > git for-each-ref --sort -committerdate --format %(refname) %(objectname) %(*objectname) [1ms]
2023-10-27 20:10:42.886 [info] > git for-each-ref --format=%(refname)%00%(upstream:short)%00%(objectname)%00%(upstream:track)%00%(upstream:remotename)%00%(upstream:remoteref) refs/heads/main refs/remotes/main [0ms]
2023-10-27 20:10:42.905 [info] > git status -z -uall [10ms]
2023-10-27 20:10:42.905 [info] > git for-each-ref --sort -committerdate --format %(refname) %(objectname) %(*objectname) [1ms]
2023-10-27 20:10:47.921 [info] > git for-each-ref --format=%(refname)%00%(upstream:short)%00%(objectname)%00%(upstream:track)%00%(upstream:remotename)%00%(upstream:remoteref) refs/heads/main refs/remotes/main [1ms]
2023-10-27 20:10:47.940 [info] > git status -z -uall [10ms]
2023-10-27 20:10:47.941 [info] > git for-each-ref --sort -committerdate --format %(refname) %(objectname) %(*objectname) [2ms]
2023-10-27 20:10:52.954 [info] > git for-each-ref --format=%(refname)%00%(upstream:short)%00%(objectname)%00%(upstream:track)%00%(upstream:remotename)%00%(upstream:remoteref) refs/heads/main refs/remotes/main [1ms]
2023-10-27 20:10:52.973 [info] > git status -z -uall [10ms]
2023-10-27 20:10:52.974 [info] > git for-each-ref --sort -committerdate --format %(refname) %(objectname) %(*objectname) [1ms]
2023-10-27 20:13:19.790 [info] > git for-each-ref --format=%(refname)%00%(upstream:short)%00%(objectname)%00%(upstream:track)%00%(upstream:remotename)%00%(upstream:remoteref) refs/heads/main refs/remotes/main [1ms]
2023-10-27 20:13:19.810 [info] > git status -z -uall [10ms]
2023-10-27 20:13:19.811 [info] > git for-each-ref --sort -committerdate --format %(refname) %(objectname) %(*objectname) [1ms]
2023-10-27 20:13:24.825 [info] > git for-each-ref --format=%(refname)%00%(upstream:short)%00%(objectname)%00%(upstream:track)%00%(upstream:remotename)%00%(upstream:remoteref) refs/heads/main refs/remotes/main [0ms]
2023-10-27 20:13:24.845 [info] > git status -z -uall [10ms]
2023-10-27 20:13:24.845 [info] > git for-each-ref --sort -committerdate --format %(refname) %(objectname) %(*objectname) [1ms]
2023-10-27 20:15:11.063 [info] > git for-each-ref --format=%(refname)%00%(upstream:short)%00%(objectname)%00%(upstream:track)%00%(upstream:remotename)%00%(upstream:remoteref) refs/heads/main refs/remotes/main [1ms]
2023-10-27 20:15:11.084 [info] > git status -z -uall [11ms]
2023-10-27 20:15:11.085 [info] > git for-each-ref --sort -committerdate --format %(refname) %(objectname) %(*objectname) [1ms]
2023-10-27 20:16:28.903 [info] > git for-each-ref --format=%(refname)%00%(upstream:short)%00%(objectname)%00%(upstream:track)%00%(upstream:remotename)%00%(upstream:remoteref) refs/heads/main refs/remotes/main [1ms]
2023-10-27 20:16:28.924 [info] > git status -z -uall [12ms]
2023-10-27 20:16:28.924 [info] > git for-each-ref --sort -committerdate --format %(refname) %(objectname) %(*objectname) [1ms]
2023-10-27 20:16:33.938 [info] > git for-each-ref --format=%(refname)%00%(upstream:short)%00%(objectname)%00%(upstream:track)%00%(upstream:remotename)%00%(upstream:remoteref) refs/heads/main refs/remotes/main [1ms]
2023-10-27 20:16:33.959 [info] > git status -z -uall [11ms]
2023-10-27 20:16:33.960 [info] > git for-each-ref --sort -committerdate --format %(refname) %(objectname) %(*objectname) [1ms]
2023-10-27 20:17:26.949 [info] > git for-each-ref --format=%(refname)%00%(upstream:short)%00%(objectname)%00%(upstream:track)%00%(upstream:remotename)%00%(upstream:remoteref) refs/heads/main refs/remotes/main [0ms]
2023-10-27 20:17:26.971 [info] > git for-each-ref --sort -committerdate --format %(refname) %(objectname) %(*objectname) [1ms]
2023-10-27 20:17:26.972 [info] > git status -z -uall [12ms]
2023-10-27 20:21:23.008 [info] > git for-each-ref --format=%(refname)%00%(upstream:short)%00%(objectname)%00%(upstream:track)%00%(upstream:remotename)%00%(upstream:remoteref) refs/heads/main refs/remotes/main [1ms]
2023-10-27 20:21:23.029 [info] > git status -z -uall [11ms]
2023-10-27 20:21:23.029 [info] > git for-each-ref --sort -committerdate --format %(refname) %(objectname) %(*objectname) [1ms]
2023-10-27 20:21:28.043 [info] > git for-each-ref --format=%(refname)%00%(upstream:short)%00%(objectname)%00%(upstream:track)%00%(upstream:remotename)%00%(upstream:remoteref) refs/heads/main refs/remotes/main [1ms]
2023-10-27 20:21:28.064 [info] > git status -z -uall [10ms]
2023-10-27 20:21:28.065 [info] > git for-each-ref --sort -committerdate --format %(refname) %(objectname) %(*objectname) [1ms]
2023-10-27 20:21:33.427 [info] > git for-each-ref --format=%(refname)%00%(upstream:short)%00%(objectname)%00%(upstream:track)%00%(upstream:remotename)%00%(upstream:remoteref) refs/heads/main refs/remotes/main [1ms]
2023-10-27 20:21:33.446 [info] > git status -z -uall [10ms]
2023-10-27 20:21:33.447 [info] > git for-each-ref --sort -committerdate --format %(refname) %(objectname) %(*objectname) [1ms]
2023-10-27 20:21:38.462 [info] > git for-each-ref --format=%(refname)%00%(upstream:short)%00%(objectname)%00%(upstream:track)%00%(upstream:remotename)%00%(upstream:remoteref) refs/heads/main refs/remotes/main [1ms]
2023-10-27 20:21:38.484 [info] > git status -z -uall [12ms]
2023-10-27 20:21:38.484 [info] > git for-each-ref --sort -committerdate --format %(refname) %(objectname) %(*objectname) [2ms]
2023-10-27 20:21:58.392 [info] > git for-each-ref --format=%(refname)%00%(upstream:short)%00%(objectname)%00%(upstream:track)%00%(upstream:remotename)%00%(upstream:remoteref) refs/heads/main refs/remotes/main [1ms]
2023-10-27 20:21:58.412 [info] > git status -z -uall [11ms]
2023-10-27 20:21:58.413 [info] > git for-each-ref --sort -committerdate --format %(refname) %(objectname) %(*objectname) [2ms]
2023-10-27 20:22:04.613 [info] > git for-each-ref --format=%(refname)%00%(upstream:short)%00%(objectname)%00%(upstream:track)%00%(upstream:remotename)%00%(upstream:remoteref) refs/heads/main refs/remotes/main [1ms]
2023-10-27 20:22:04.634 [info] > git status -z -uall [11ms]
2023-10-27 20:22:04.634 [info] > git for-each-ref --sort -committerdate --format %(refname) %(objectname) %(*objectname) [1ms]
2023-10-27 20:22:09.650 [info] > git for-each-ref --format=%(refname)%00%(upstream:short)%00%(objectname)%00%(upstream:track)%00%(upstream:remotename)%00%(upstream:remoteref) refs/heads/main refs/remotes/main [1ms]
2023-10-27 20:22:09.670 [info] > git status -z -uall [10ms]
2023-10-27 20:22:09.671 [info] > git for-each-ref --sort -committerdate --format %(refname) %(objectname) %(*objectname) [1ms]
2023-10-27 20:22:25.541 [info] > git for-each-ref --format=%(refname)%00%(upstream:short)%00%(objectname)%00%(upstream:track)%00%(upstream:remotename)%00%(upstream:remoteref) refs/heads/main refs/remotes/main [1ms]
2023-10-27 20:22:25.562 [info] > git status -z -uall [11ms]
2023-10-27 20:22:25.563 [info] > git for-each-ref --sort -committerdate --format %(refname) %(objectname) %(*objectname) [1ms]
2023-10-27 20:22:30.576 [info] > git for-each-ref --format=%(refname)%00%(upstream:short)%00%(objectname)%00%(upstream:track)%00%(upstream:remotename)%00%(upstream:remoteref) refs/heads/main refs/remotes/main [1ms]
2023-10-27 20:22:30.597 [info] > git status -z -uall [11ms]
2023-10-27 20:22:30.597 [info] > git for-each-ref --sort -committerdate --format %(refname) %(objectname) %(*objectname) [1ms]
2023-10-27 20:22:35.612 [info] > git for-each-ref --format=%(refname)%00%(upstream:short)%00%(objectname)%00%(upstream:track)%00%(upstream:remotename)%00%(upstream:remoteref) refs/heads/main refs/remotes/main [2ms]
2023-10-27 20:22:35.632 [info] > git status -z -uall [11ms]
2023-10-27 20:22:35.632 [info] > git for-each-ref --sort -committerdate --format %(refname) %(objectname) %(*objectname) [1ms]
2023-10-27 20:22:51.878 [info] > git for-each-ref --format=%(refname)%00%(upstream:short)%00%(objectname)%00%(upstream:track)%00%(upstream:remotename)%00%(upstream:remoteref) refs/heads/main refs/remotes/main [2ms]
2023-10-27 20:22:51.898 [info] > git status -z -uall [10ms]
2023-10-27 20:22:51.899 [info] > git for-each-ref --sort -committerdate --format %(refname) %(objectname) %(*objectname) [1ms]
2023-10-27 20:22:56.912 [info] > git for-each-ref --format=%(refname)%00%(upstream:short)%00%(objectname)%00%(upstream:track)%00%(upstream:remotename)%00%(upstream:remoteref) refs/heads/main refs/remotes/main [1ms]
2023-10-27 20:22:56.931 [info] > git status -z -uall [10ms]
2023-10-27 20:22:56.932 [info] > git for-each-ref --sort -committerdate --format %(refname) %(objectname) %(*objectname) [1ms]
2023-10-27 20:23:10.446 [info] > git for-each-ref --format=%(refname)%00%(upstream:short)%00%(objectname)%00%(upstream:track)%00%(upstream:remotename)%00%(upstream:remoteref) refs/heads/main refs/remotes/main [1ms]
2023-10-27 20:23:10.468 [info] > git status -z -uall [12ms]
2023-10-27 20:23:10.468 [info] > git for-each-ref --sort -committerdate --format %(refname) %(objectname) %(*objectname) [2ms]
2023-10-27 20:24:20.847 [info] > git for-each-ref --format=%(refname)%00%(upstream:short)%00%(objectname)%00%(upstream:track)%00%(upstream:remotename)%00%(upstream:remoteref) refs/heads/main refs/remotes/main [1ms]
2023-10-27 20:24:20.867 [info] > git status -z -uall [9ms]
2023-10-27 20:24:20.867 [info] > git for-each-ref --sort -committerdate --format %(refname) %(objectname) %(*objectname) [1ms]
2023-10-27 20:24:27.090 [info] > git for-each-ref --format=%(refname)%00%(upstream:short)%00%(objectname)%00%(upstream:track)%00%(upstream:remotename)%00%(upstream:remoteref) refs/heads/main refs/remotes/main [1ms]
2023-10-27 20:24:27.110 [info] > git status -z -uall [10ms]
2023-10-27 20:24:27.111 [info] > git for-each-ref --sort -committerdate --format %(refname) %(objectname) %(*objectname) [1ms]
2023-10-27 20:24:32.125 [info] > git for-each-ref --format=%(refname)%00%(upstream:short)%00%(objectname)%00%(upstream:track)%00%(upstream:remotename)%00%(upstream:remoteref) refs/heads/main refs/remotes/main [1ms]
2023-10-27 20:24:32.145 [info] > git status -z -uall [10ms]
2023-10-27 20:24:32.145 [info] > git for-each-ref --sort -committerdate --format %(refname) %(objectname) %(*objectname) [1ms]
2023-10-27 20:24:37.159 [info] > git for-each-ref --format=%(refname)%00%(upstream:short)%00%(objectname)%00%(upstream:track)%00%(upstream:remotename)%00%(upstream:remoteref) refs/heads/main refs/remotes/main [0ms]
2023-10-27 20:24:37.179 [info] > git status -z -uall [11ms]
2023-10-27 20:24:37.180 [info] > git for-each-ref --sort -committerdate --format %(refname) %(objectname) %(*objectname) [1ms]
2023-10-27 20:24:45.470 [info] > git for-each-ref --format=%(refname)%00%(upstream:short)%00%(objectname)%00%(upstream:track)%00%(upstream:remotename)%00%(upstream:remoteref) refs/heads/main refs/remotes/main [0ms]
2023-10-27 20:24:45.491 [info] > git status -z -uall [12ms]
2023-10-27 20:24:45.491 [info] > git for-each-ref --sort -committerdate --format %(refname) %(objectname) %(*objectname) [2ms]
2023-10-27 20:24:50.505 [info] > git for-each-ref --format=%(refname)%00%(upstream:short)%00%(objectname)%00%(upstream:track)%00%(upstream:remotename)%00%(upstream:remoteref) refs/heads/main refs/remotes/main [1ms]
2023-10-27 20:24:50.526 [info] > git status -z -uall [11ms]
2023-10-27 20:24:50.526 [info] > git for-each-ref --sort -committerdate --format %(refname) %(objectname) %(*objectname) [1ms]
2023-10-27 20:24:55.541 [info] > git for-each-ref --format=%(refname)%00%(upstream:short)%00%(objectname)%00%(upstream:track)%00%(upstream:remotename)%00%(upstream:remoteref) refs/heads/main refs/remotes/main [1ms]
2023-10-27 20:24:55.561 [info] > git status -z -uall [10ms]
2023-10-27 20:24:55.561 [info] > git for-each-ref --sort -committerdate --format %(refname) %(objectname) %(*objectname) [1ms]
2023-10-27 20:25:00.575 [info] > git for-each-ref --format=%(refname)%00%(upstream:short)%00%(objectname)%00%(upstream:track)%00%(upstream:remotename)%00%(upstream:remoteref) refs/heads/main refs/remotes/main [1ms]
2023-10-27 20:25:00.595 [info] > git status -z -uall [10ms]
2023-10-27 20:25:00.596 [info] > git for-each-ref --sort -committerdate --format %(refname) %(objectname) %(*objectname) [1ms]
2023-10-27 20:25:05.610 [info] > git for-each-ref --format=%(refname)%00%(upstream:short)%00%(objectname)%00%(upstream:track)%00%(upstream:remotename)%00%(upstream:remoteref) refs/heads/main refs/remotes/main [0ms]
2023-10-27 20:25:05.628 [info] > git status -z -uall [11ms]
2023-10-27 20:25:05.628 [info] > git for-each-ref --sort -committerdate --format %(refname) %(objectname) %(*objectname) [1ms]
2023-10-27 20:25:13.959 [info] > git for-each-ref --format=%(refname)%00%(upstream:short)%00%(objectname)%00%(upstream:track)%00%(upstream:remotename)%00%(upstream:remoteref) refs/heads/main refs/remotes/main [1ms]
2023-10-27 20:25:13.979 [info] > git status -z -uall [11ms]
2023-10-27 20:25:13.979 [info] > git for-each-ref --sort -committerdate --format %(refname) %(objectname) %(*objectname) [1ms]
2023-10-27 20:36:46.465 [info] > git for-each-ref --format=%(refname)%00%(upstream:short)%00%(objectname)%00%(upstream:track)%00%(upstream:remotename)%00%(upstream:remoteref) refs/heads/main refs/remotes/main [3ms]
2023-10-27 20:36:46.486 [info] > git status -z -uall [11ms]
2023-10-27 20:36:46.487 [info] > git for-each-ref --sort -committerdate --format %(refname) %(objectname) %(*objectname) [1ms]
2023-10-27 20:37:39.811 [info] > git for-each-ref --format=%(refname)%00%(upstream:short)%00%(objectname)%00%(upstream:track)%00%(upstream:remotename)%00%(upstream:remoteref) refs/heads/main refs/remotes/main [1ms]
2023-10-27 20:37:39.832 [info] > git status -z -uall [11ms]
2023-10-27 20:37:39.833 [info] > git for-each-ref --sort -committerdate --format %(refname) %(objectname) %(*objectname) [2ms]
2023-10-27 20:37:46.492 [info] > git for-each-ref --format=%(refname)%00%(upstream:short)%00%(objectname)%00%(upstream:track)%00%(upstream:remotename)%00%(upstream:remoteref) refs/heads/main refs/remotes/main [1ms]
2023-10-27 20:37:46.511 [info] > git status -z -uall [10ms]
2023-10-27 20:37:46.512 [info] > git for-each-ref --sort -committerdate --format %(refname) %(objectname) %(*objectname) [1ms]
2023-10-27 20:37:54.336 [info] > git for-each-ref --format=%(refname)%00%(upstream:short)%00%(objectname)%00%(upstream:track)%00%(upstream:remotename)%00%(upstream:remoteref) refs/heads/main refs/remotes/main [1ms]
2023-10-27 20:37:54.355 [info] > git status -z -uall [10ms]
2023-10-27 20:37:54.357 [info] > git for-each-ref --sort -committerdate --format %(refname) %(objectname) %(*objectname) [2ms]
2023-10-27 20:38:10.916 [info] > git for-each-ref --format=%(refname)%00%(upstream:short)%00%(objectname)%00%(upstream:track)%00%(upstream:remotename)%00%(upstream:remoteref) refs/heads/main refs/remotes/main [0ms]
2023-10-27 20:38:10.937 [info] > git status -z -uall [11ms]
2023-10-27 20:38:10.937 [info] > git for-each-ref --sort -committerdate --format %(refname) %(objectname) %(*objectname) [1ms]
2023-10-27 20:38:18.736 [info] > git for-each-ref --format=%(refname)%00%(upstream:short)%00%(objectname)%00%(upstream:track)%00%(upstream:remotename)%00%(upstream:remoteref) refs/heads/main refs/remotes/main [1ms]
2023-10-27 20:38:18.756 [info] > git status -z -uall [10ms]
2023-10-27 20:38:18.756 [info] > git for-each-ref --sort -committerdate --format %(refname) %(objectname) %(*objectname) [1ms]
2023-10-27 20:38:24.458 [info] > git for-each-ref --format=%(refname)%00%(upstream:short)%00%(objectname)%00%(upstream:track)%00%(upstream:remotename)%00%(upstream:remoteref) refs/heads/main refs/remotes/main [1ms]
2023-10-27 20:38:24.479 [info] > git status -z -uall [12ms]
2023-10-27 20:38:24.480 [info] > git for-each-ref --sort -committerdate --format %(refname) %(objectname) %(*objectname) [1ms]
2023-10-27 20:38:30.118 [info] > git for-each-ref --format=%(refname)%00%(upstream:short)%00%(objectname)%00%(upstream:track)%00%(upstream:remotename)%00%(upstream:remoteref) refs/heads/main refs/remotes/main [1ms]
2023-10-27 20:38:30.139 [info] > git status -z -uall [11ms]
2023-10-27 20:38:30.139 [info] > git for-each-ref --sort -committerdate --format %(refname) %(objectname) %(*objectname) [1ms]
2023-10-27 20:38:30.270 [info] > git ls-files --stage -- /mnt/code/machine_learning/log_error_classifier.py [0ms]
2023-10-27 20:38:30.282 [info] > git cat-file -s 111efdf52eb3846275652515fc8785beeb644a97 [1ms]
2023-10-27 20:38:30.339 [info] > git show --textconv :machine_learning/log_error_classifier.py [1ms]
