2023-10-27 19:59:40.246 [info] Log level: Info
2023-10-27 19:59:40.246 [info] Validating found git in: "git"
2023-10-27 19:59:40.246 [info] Using git "2.25.1" from "git"
2023-10-27 19:59:40.246 [info] > git rev-parse --show-toplevel [183ms]
2023-10-27 19:59:40.246 [info] > git rev-parse --git-dir --git-common-dir [1ms]
2023-10-27 19:59:40.246 [info] Open repository: /mnt/code
2023-10-27 19:59:40.246 [info] > git rev-parse --show-toplevel [6ms]
2023-10-27 19:59:40.246 [info] > git config --get commit.template [7ms]
2023-10-27 19:59:40.246 [info] > git rev-parse --show-toplevel [6ms]
2023-10-27 19:59:40.246 [info] > git for-each-ref --format=%(refname)%00%(upstream:short)%00%(objectname)%00%(upstream:track)%00%(upstream:remotename)%00%(upstream:remoteref) refs/heads/main refs/remotes/main [6ms]
2023-10-27 19:59:40.246 [info] > git rev-parse --show-toplevel [11ms]
2023-10-27 19:59:40.246 [info] > git for-each-ref --sort -committerdate --format %(refname) %(objectname) %(*objectname) [5ms]
2023-10-27 19:59:40.246 [info] > git rev-parse --show-toplevel [2ms]
2023-10-27 19:59:40.246 [info] > git status -z -uall [34ms]
2023-10-27 19:59:40.246 [info] > git rev-parse --show-toplevel [25ms]
2023-10-27 19:59:40.246 [info] > git config --get commit.template [1ms]
2023-10-27 19:59:40.246 [info] > git for-each-ref --format=%(refname)%00%(upstream:short)%00%(objectname)%00%(upstream:track)%00%(upstream:remotename)%00%(upstream:remoteref) refs/heads/main refs/remotes/main [2ms]
2023-10-27 19:59:40.246 [info] > git status -z -uall [4ms]
2023-10-27 19:59:40.246 [info] > git for-each-ref --sort -committerdate --format %(refname) %(objectname) %(*objectname) [1ms]
2023-10-27 19:59:40.246 [info] > git check-ignore -v -z --stdin [2ms]
2023-10-27 20:02:25.474 [info] > git config --get commit.template [8ms]
2023-10-27 20:02:25.474 [info] > git for-each-ref --format=%(refname)%00%(upstream:short)%00%(objectname)%00%(upstream:track)%00%(upstream:remotename)%00%(upstream:remoteref) refs/heads/main refs/remotes/main [2ms]
2023-10-27 20:02:25.489 [info] > git status -z -uall [8ms]
2023-10-27 20:02:25.490 [info] > git for-each-ref --sort -committerdate --format %(refname) %(objectname) %(*objectname) [2ms]
2023-10-27 20:02:26.142 [info] > git check-ignore -v -z --stdin [0ms]
2023-10-27 20:02:29.220 [info] > git show --textconv :machine_learning/log_error_classifier.py [12ms]
2023-10-27 20:02:29.221 [info] > git ls-files --stage -- /mnt/code/machine_learning/log_error_classifier.py [2ms]
2023-10-27 20:02:29.233 [info] > git cat-file -s 02e8ef09aaa097ba070f0234b177f273854ca649 [1ms]
2023-10-27 20:02:30.517 [info] > git config --get commit.template [11ms]
2023-10-27 20:02:30.517 [info] > git for-each-ref --format=%(refname)%00%(upstream:short)%00%(objectname)%00%(upstream:track)%00%(upstream:remotename)%00%(upstream:remoteref) refs/heads/main refs/remotes/main [1ms]
2023-10-27 20:02:30.540 [info] > git status -z -uall [12ms]
2023-10-27 20:02:30.541 [info] > git for-each-ref --sort -committerdate --format %(refname) %(objectname) %(*objectname) [2ms]
2023-10-27 20:02:35.556 [info] > git config --get commit.template [1ms]
2023-10-27 20:02:35.568 [info] > git for-each-ref --format=%(refname)%00%(upstream:short)%00%(objectname)%00%(upstream:track)%00%(upstream:remotename)%00%(upstream:remoteref) refs/heads/main refs/remotes/main [1ms]
2023-10-27 20:02:35.591 [info] > git status -z -uall [12ms]
2023-10-27 20:02:35.592 [info] > git for-each-ref --sort -committerdate --format %(refname) %(objectname) %(*objectname) [1ms]
2023-10-27 20:02:40.619 [info] > git config --get commit.template [12ms]
2023-10-27 20:02:40.619 [info] > git for-each-ref --format=%(refname)%00%(upstream:short)%00%(objectname)%00%(upstream:track)%00%(upstream:remotename)%00%(upstream:remoteref) refs/heads/main refs/remotes/main [1ms]
2023-10-27 20:02:40.643 [info] > git status -z -uall [12ms]
2023-10-27 20:02:40.644 [info] > git for-each-ref --sort -committerdate --format %(refname) %(objectname) %(*objectname) [1ms]
2023-10-27 20:02:45.656 [info] > git config --get commit.template [0ms]
2023-10-27 20:02:45.665 [info] > git for-each-ref --format=%(refname)%00%(upstream:short)%00%(objectname)%00%(upstream:track)%00%(upstream:remotename)%00%(upstream:remoteref) refs/heads/main refs/remotes/main [1ms]
2023-10-27 20:02:45.683 [info] > git status -z -uall [10ms]
2023-10-27 20:02:45.683 [info] > git for-each-ref --sort -committerdate --format %(refname) %(objectname) %(*objectname) [2ms]
2023-10-27 20:02:50.708 [info] > git config --get commit.template [9ms]
2023-10-27 20:02:50.708 [info] > git for-each-ref --format=%(refname)%00%(upstream:short)%00%(objectname)%00%(upstream:track)%00%(upstream:remotename)%00%(upstream:remoteref) refs/heads/main refs/remotes/main [1ms]
2023-10-27 20:02:50.725 [info] > git status -z -uall [8ms]
2023-10-27 20:02:50.726 [info] > git for-each-ref --sort -committerdate --format %(refname) %(objectname) %(*objectname) [1ms]
2023-10-27 20:02:55.748 [info] > git config --get commit.template [9ms]
2023-10-27 20:02:55.748 [info] > git for-each-ref --format=%(refname)%00%(upstream:short)%00%(objectname)%00%(upstream:track)%00%(upstream:remotename)%00%(upstream:remoteref) refs/heads/main refs/remotes/main [1ms]
2023-10-27 20:02:55.766 [info] > git status -z -uall [9ms]
2023-10-27 20:02:55.767 [info] > git for-each-ref --sort -committerdate --format %(refname) %(objectname) %(*objectname) [1ms]
2023-10-27 20:02:56.171 [info] > git show --textconv :machine_learning/log_error_classifier.py [11ms]
2023-10-27 20:02:56.171 [info] > git ls-files --stage -- /mnt/code/machine_learning/log_error_classifier.py [2ms]
2023-10-27 20:02:56.180 [info] > git cat-file -s 02e8ef09aaa097ba070f0234b177f273854ca649 [1ms]
2023-10-27 20:03:00.791 [info] > git config --get commit.template [12ms]
2023-10-27 20:03:00.791 [info] > git for-each-ref --format=%(refname)%00%(upstream:short)%00%(objectname)%00%(upstream:track)%00%(upstream:remotename)%00%(upstream:remoteref) refs/heads/main refs/remotes/main [3ms]
2023-10-27 20:03:00.810 [info] > git status -z -uall [10ms]
2023-10-27 20:03:00.811 [info] > git for-each-ref --sort -committerdate --format %(refname) %(objectname) %(*objectname) [1ms]
2023-10-27 20:03:05.834 [info] > git config --get commit.template [10ms]
2023-10-27 20:03:05.835 [info] > git for-each-ref --format=%(refname)%00%(upstream:short)%00%(objectname)%00%(upstream:track)%00%(upstream:remotename)%00%(upstream:remoteref) refs/heads/main refs/remotes/main [2ms]
2023-10-27 20:03:05.853 [info] > git status -z -uall [10ms]
2023-10-27 20:03:05.854 [info] > git for-each-ref --sort -committerdate --format %(refname) %(objectname) %(*objectname) [1ms]
2023-10-27 20:03:10.875 [info] > git config --get commit.template [9ms]
2023-10-27 20:03:10.876 [info] > git for-each-ref --format=%(refname)%00%(upstream:short)%00%(objectname)%00%(upstream:track)%00%(upstream:remotename)%00%(upstream:remoteref) refs/heads/main refs/remotes/main [0ms]
2023-10-27 20:03:10.894 [info] > git status -z -uall [9ms]
2023-10-27 20:03:10.895 [info] > git for-each-ref --sort -committerdate --format %(refname) %(objectname) %(*objectname) [1ms]
2023-10-27 20:03:15.917 [info] > git config --get commit.template [10ms]
2023-10-27 20:03:15.917 [info] > git for-each-ref --format=%(refname)%00%(upstream:short)%00%(objectname)%00%(upstream:track)%00%(upstream:remotename)%00%(upstream:remoteref) refs/heads/main refs/remotes/main [1ms]
2023-10-27 20:03:15.935 [info] > git status -z -uall [9ms]
2023-10-27 20:03:15.935 [info] > git for-each-ref --sort -committerdate --format %(refname) %(objectname) %(*objectname) [1ms]
2023-10-27 20:03:28.176 [info] > git config --get commit.template [10ms]
2023-10-27 20:03:28.176 [info] > git for-each-ref --format=%(refname)%00%(upstream:short)%00%(objectname)%00%(upstream:track)%00%(upstream:remotename)%00%(upstream:remoteref) refs/heads/main refs/remotes/main [1ms]
2023-10-27 20:03:28.194 [info] > git status -z -uall [9ms]
2023-10-27 20:03:28.195 [info] > git for-each-ref --sort -committerdate --format %(refname) %(objectname) %(*objectname) [1ms]
2023-10-27 20:03:33.218 [info] > git config --get commit.template [9ms]
2023-10-27 20:03:33.218 [info] > git for-each-ref --format=%(refname)%00%(upstream:short)%00%(objectname)%00%(upstream:track)%00%(upstream:remotename)%00%(upstream:remoteref) refs/heads/main refs/remotes/main [1ms]
2023-10-27 20:03:33.237 [info] > git status -z -uall [10ms]
2023-10-27 20:03:33.238 [info] > git for-each-ref --sort -committerdate --format %(refname) %(objectname) %(*objectname) [1ms]
