2023-10-30 17:00:08.883 [info] Log level: Info
2023-10-30 17:00:08.883 [info] Validating found git in: "git"
2023-10-30 17:00:08.883 [info] Using git "2.25.1" from "git"
2023-10-30 17:00:08.883 [info] > git rev-parse --show-toplevel [187ms]
2023-10-30 17:00:08.883 [info] > git rev-parse --git-dir --git-common-dir [1ms]
2023-10-30 17:00:08.883 [info] Open repository: /mnt/code
2023-10-30 17:00:08.883 [info] > git rev-parse --show-toplevel [1ms]
2023-10-30 17:00:08.883 [info] > git rev-parse --show-toplevel [6ms]
2023-10-30 17:00:08.883 [info] > git rev-parse --show-toplevel [1ms]
2023-10-30 17:00:08.883 [info] > git for-each-ref --format=%(refname)%00%(upstream:short)%00%(objectname)%00%(upstream:track)%00%(upstream:remotename)%00%(upstream:remoteref) refs/heads/main refs/remotes/main [11ms]
2023-10-30 17:00:08.883 [info] > git rev-parse --show-toplevel [11ms]
2023-10-30 17:00:08.883 [info] > git for-each-ref --sort -committerdate --format %(refname) %(objectname) %(*objectname) [5ms]
2023-10-30 17:00:08.883 [info] > git rev-parse --show-toplevel [3ms]
2023-10-30 17:00:08.963 [info] > git status -z -uall [93ms]
2023-10-30 17:00:08.974 [info] > git for-each-ref --format=%(refname)%00%(upstream:short)%00%(objectname)%00%(upstream:track)%00%(upstream:remotename)%00%(upstream:remoteref) refs/heads/main refs/remotes/main [1ms]
2023-10-30 17:00:09.985 [info] > git status -z -uall [1006ms]
2023-10-30 17:00:09.985 [info] > git check-ignore -v -z --stdin [2ms]
2023-10-30 17:00:09.986 [info] > git for-each-ref --sort -committerdate --format %(refname) %(objectname) %(*objectname) [1003ms]
2023-10-30 17:00:13.903 [info] > git for-each-ref --format=%(refname)%00%(upstream:short)%00%(objectname)%00%(upstream:track)%00%(upstream:remotename)%00%(upstream:remoteref) refs/heads/main refs/remotes/main [1ms]
2023-10-30 17:00:13.919 [info] > git for-each-ref --sort -committerdate --format %(refname) %(objectname) %(*objectname) [1ms]
2023-10-30 17:00:13.925 [info] > git status -z -uall [15ms]
2023-10-30 17:00:14.555 [info] > git check-ignore -v -z --stdin [1ms]
2023-10-30 17:00:18.941 [info] > git for-each-ref --format=%(refname)%00%(upstream:short)%00%(objectname)%00%(upstream:track)%00%(upstream:remotename)%00%(upstream:remoteref) refs/heads/main refs/remotes/main [1ms]
2023-10-30 17:00:18.958 [info] > git for-each-ref --sort -committerdate --format %(refname) %(objectname) %(*objectname) [1ms]
2023-10-30 17:00:18.959 [info] > git status -z -uall [10ms]
2023-10-30 17:00:23.971 [info] > git for-each-ref --format=%(refname)%00%(upstream:short)%00%(objectname)%00%(upstream:track)%00%(upstream:remotename)%00%(upstream:remoteref) refs/heads/main refs/remotes/main [1ms]
2023-10-30 17:00:23.987 [info] > git for-each-ref --sort -committerdate --format %(refname) %(objectname) %(*objectname) [1ms]
2023-10-30 17:00:23.989 [info] > git status -z -uall [11ms]
2023-10-30 17:00:28.414 [info] > git check-ignore -v -z --stdin [1ms]
2023-10-30 17:00:28.985 [info] > git show --textconv :machine_learning/model.py [12ms]
2023-10-30 17:00:28.986 [info] > git ls-files --stage -- /mnt/code/machine_learning/model.py [2ms]
2023-10-30 17:00:29.019 [info] > git for-each-ref --format=%(refname)%00%(upstream:short)%00%(objectname)%00%(upstream:track)%00%(upstream:remotename)%00%(upstream:remoteref) refs/heads/main refs/remotes/main [1ms]
2023-10-30 17:00:29.042 [info] > git status -z -uall [12ms]
2023-10-30 17:00:29.043 [info] > git for-each-ref --sort -committerdate --format %(refname) %(objectname) %(*objectname) [3ms]
2023-10-30 17:00:34.057 [info] > git for-each-ref --format=%(refname)%00%(upstream:short)%00%(objectname)%00%(upstream:track)%00%(upstream:remotename)%00%(upstream:remoteref) refs/heads/main refs/remotes/main [1ms]
2023-10-30 17:00:34.080 [info] > git status -z -uall [14ms]
2023-10-30 17:00:34.085 [info] > git for-each-ref --sort -committerdate --format %(refname) %(objectname) %(*objectname) [8ms]
2023-10-30 17:00:39.101 [info] > git for-each-ref --format=%(refname)%00%(upstream:short)%00%(objectname)%00%(upstream:track)%00%(upstream:remotename)%00%(upstream:remoteref) refs/heads/main refs/remotes/main [1ms]
2023-10-30 17:00:39.124 [info] > git status -z -uall [12ms]
2023-10-30 17:00:39.125 [info] > git for-each-ref --sort -committerdate --format %(refname) %(objectname) %(*objectname) [1ms]
2023-10-30 17:00:44.138 [info] > git for-each-ref --format=%(refname)%00%(upstream:short)%00%(objectname)%00%(upstream:track)%00%(upstream:remotename)%00%(upstream:remoteref) refs/heads/main refs/remotes/main [1ms]
2023-10-30 17:00:44.156 [info] > git for-each-ref --sort -committerdate --format %(refname) %(objectname) %(*objectname) [1ms]
2023-10-30 17:00:44.157 [info] > git status -z -uall [11ms]
2023-10-30 17:00:50.510 [info] > git for-each-ref --format=%(refname)%00%(upstream:short)%00%(objectname)%00%(upstream:track)%00%(upstream:remotename)%00%(upstream:remoteref) refs/heads/main refs/remotes/main [1ms]
2023-10-30 17:00:50.527 [info] > git for-each-ref --sort -committerdate --format %(refname) %(objectname) %(*objectname) [1ms]
2023-10-30 17:00:50.529 [info] > git status -z -uall [10ms]
2023-10-30 17:00:55.541 [info] > git for-each-ref --format=%(refname)%00%(upstream:short)%00%(objectname)%00%(upstream:track)%00%(upstream:remotename)%00%(upstream:remoteref) refs/heads/main refs/remotes/main [0ms]
2023-10-30 17:00:55.558 [info] > git for-each-ref --sort -committerdate --format %(refname) %(objectname) %(*objectname) [1ms]
2023-10-30 17:00:55.559 [info] > git status -z -uall [11ms]
2023-10-30 17:01:00.571 [info] > git for-each-ref --format=%(refname)%00%(upstream:short)%00%(objectname)%00%(upstream:track)%00%(upstream:remotename)%00%(upstream:remoteref) refs/heads/main refs/remotes/main [1ms]
2023-10-30 17:01:00.589 [info] > git for-each-ref --sort -committerdate --format %(refname) %(objectname) %(*objectname) [1ms]
2023-10-30 17:01:00.590 [info] > git status -z -uall [11ms]
2023-10-30 17:01:05.604 [info] > git for-each-ref --format=%(refname)%00%(upstream:short)%00%(objectname)%00%(upstream:track)%00%(upstream:remotename)%00%(upstream:remoteref) refs/heads/main refs/remotes/main [2ms]
2023-10-30 17:01:05.622 [info] > git for-each-ref --sort -committerdate --format %(refname) %(objectname) %(*objectname) [1ms]
2023-10-30 17:01:05.622 [info] > git status -z -uall [10ms]
2023-10-30 17:01:10.636 [info] > git for-each-ref --format=%(refname)%00%(upstream:short)%00%(objectname)%00%(upstream:track)%00%(upstream:remotename)%00%(upstream:remoteref) refs/heads/main refs/remotes/main [1ms]
2023-10-30 17:01:10.654 [info] > git for-each-ref --sort -committerdate --format %(refname) %(objectname) %(*objectname) [1ms]
2023-10-30 17:01:10.655 [info] > git status -z -uall [10ms]
2023-10-30 17:01:15.667 [info] > git for-each-ref --format=%(refname)%00%(upstream:short)%00%(objectname)%00%(upstream:track)%00%(upstream:remotename)%00%(upstream:remoteref) refs/heads/main refs/remotes/main [1ms]
2023-10-30 17:01:15.685 [info] > git for-each-ref --sort -committerdate --format %(refname) %(objectname) %(*objectname) [1ms]
2023-10-30 17:01:15.686 [info] > git status -z -uall [10ms]
2023-10-30 17:01:20.699 [info] > git for-each-ref --format=%(refname)%00%(upstream:short)%00%(objectname)%00%(upstream:track)%00%(upstream:remotename)%00%(upstream:remoteref) refs/heads/main refs/remotes/main [1ms]
2023-10-30 17:01:20.717 [info] > git for-each-ref --sort -committerdate --format %(refname) %(objectname) %(*objectname) [1ms]
2023-10-30 17:01:20.718 [info] > git status -z -uall [10ms]
2023-10-30 17:01:25.732 [info] > git for-each-ref --format=%(refname)%00%(upstream:short)%00%(objectname)%00%(upstream:track)%00%(upstream:remotename)%00%(upstream:remoteref) refs/heads/main refs/remotes/main [1ms]
2023-10-30 17:01:25.750 [info] > git for-each-ref --sort -committerdate --format %(refname) %(objectname) %(*objectname) [1ms]
2023-10-30 17:01:25.751 [info] > git status -z -uall [11ms]
2023-10-30 17:01:30.764 [info] > git for-each-ref --format=%(refname)%00%(upstream:short)%00%(objectname)%00%(upstream:track)%00%(upstream:remotename)%00%(upstream:remoteref) refs/heads/main refs/remotes/main [0ms]
2023-10-30 17:01:30.785 [info] > git status -z -uall [13ms]
2023-10-30 17:01:30.786 [info] > git for-each-ref --sort -committerdate --format %(refname) %(objectname) %(*objectname) [5ms]
2023-10-30 17:08:35.102 [info] > git for-each-ref --format=%(refname)%00%(upstream:short)%00%(objectname)%00%(upstream:track)%00%(upstream:remotename)%00%(upstream:remoteref) refs/heads/main refs/remotes/main [2ms]
2023-10-30 17:08:35.120 [info] > git for-each-ref --sort -committerdate --format %(refname) %(objectname) %(*objectname) [1ms]
2023-10-30 17:08:35.121 [info] > git status -z -uall [10ms]
2023-10-30 17:08:40.134 [info] > git for-each-ref --format=%(refname)%00%(upstream:short)%00%(objectname)%00%(upstream:track)%00%(upstream:remotename)%00%(upstream:remoteref) refs/heads/main refs/remotes/main [1ms]
2023-10-30 17:08:40.152 [info] > git for-each-ref --sort -committerdate --format %(refname) %(objectname) %(*objectname) [1ms]
2023-10-30 17:08:40.153 [info] > git status -z -uall [11ms]
2023-10-30 17:08:55.372 [info] > git for-each-ref --format=%(refname)%00%(upstream:short)%00%(objectname)%00%(upstream:track)%00%(upstream:remotename)%00%(upstream:remoteref) refs/heads/main refs/remotes/main [1ms]
2023-10-30 17:08:55.391 [info] > git status -z -uall [11ms]
2023-10-30 17:08:55.391 [info] > git for-each-ref --sort -committerdate --format %(refname) %(objectname) %(*objectname) [1ms]
2023-10-30 17:09:00.404 [info] > git for-each-ref --format=%(refname)%00%(upstream:short)%00%(objectname)%00%(upstream:track)%00%(upstream:remotename)%00%(upstream:remoteref) refs/heads/main refs/remotes/main [1ms]
2023-10-30 17:09:00.422 [info] > git for-each-ref --sort -committerdate --format %(refname) %(objectname) %(*objectname) [1ms]
2023-10-30 17:09:00.423 [info] > git status -z -uall [11ms]
2023-10-30 17:09:05.436 [info] > git for-each-ref --format=%(refname)%00%(upstream:short)%00%(objectname)%00%(upstream:track)%00%(upstream:remotename)%00%(upstream:remoteref) refs/heads/main refs/remotes/main [1ms]
2023-10-30 17:09:05.453 [info] > git for-each-ref --sort -committerdate --format %(refname) %(objectname) %(*objectname) [1ms]
2023-10-30 17:09:05.454 [info] > git status -z -uall [10ms]
2023-10-30 17:09:10.466 [info] > git for-each-ref --format=%(refname)%00%(upstream:short)%00%(objectname)%00%(upstream:track)%00%(upstream:remotename)%00%(upstream:remoteref) refs/heads/main refs/remotes/main [1ms]
2023-10-30 17:09:10.484 [info] > git for-each-ref --sort -committerdate --format %(refname) %(objectname) %(*objectname) [1ms]
2023-10-30 17:09:10.485 [info] > git status -z -uall [11ms]
2023-10-30 17:09:15.496 [info] > git for-each-ref --format=%(refname)%00%(upstream:short)%00%(objectname)%00%(upstream:track)%00%(upstream:remotename)%00%(upstream:remoteref) refs/heads/main refs/remotes/main [1ms]
2023-10-30 17:09:15.514 [info] > git for-each-ref --sort -committerdate --format %(refname) %(objectname) %(*objectname) [1ms]
2023-10-30 17:09:15.515 [info] > git status -z -uall [10ms]
2023-10-30 17:09:20.527 [info] > git for-each-ref --format=%(refname)%00%(upstream:short)%00%(objectname)%00%(upstream:track)%00%(upstream:remotename)%00%(upstream:remoteref) refs/heads/main refs/remotes/main [2ms]
2023-10-30 17:09:20.544 [info] > git for-each-ref --sort -committerdate --format %(refname) %(objectname) %(*objectname) [1ms]
2023-10-30 17:09:20.545 [info] > git status -z -uall [10ms]
2023-10-30 17:09:45.386 [info] > git for-each-ref --format=%(refname)%00%(upstream:short)%00%(objectname)%00%(upstream:track)%00%(upstream:remotename)%00%(upstream:remoteref) refs/heads/main refs/remotes/main [1ms]
2023-10-30 17:09:45.404 [info] > git for-each-ref --sort -committerdate --format %(refname) %(objectname) %(*objectname) [1ms]
2023-10-30 17:09:45.405 [info] > git status -z -uall [11ms]
2023-10-30 17:09:50.417 [info] > git for-each-ref --format=%(refname)%00%(upstream:short)%00%(objectname)%00%(upstream:track)%00%(upstream:remotename)%00%(upstream:remoteref) refs/heads/main refs/remotes/main [1ms]
2023-10-30 17:09:50.435 [info] > git for-each-ref --sort -committerdate --format %(refname) %(objectname) %(*objectname) [1ms]
2023-10-30 17:09:50.435 [info] > git status -z -uall [10ms]
